#
# A fatal error has been detected by the Java Runtime Environment:
#
#  SIGSEGV (0xb) at pc=0x00007f06b3669d50, pid=11486, tid=139666096953088
#
# JRE version: 6.0_38-b38
# Java VM: OpenJDK 64-Bit Server VM (23.25-b01 mixed mode linux-amd64 compressed oops)
# Derivative: IcedTea6 1.13.10
# Distribution: Ubuntu 14.04.3 LTS, package 6b38-1.13.10-0ubuntu0.14.04.1
# Problematic frame:
# V  [libjvm.so+0x585d50]  jvmti_IsMethodSynthetic+0x1e0
#
# Failed to write core dump. Core dumps have been disabled. To enable core dumping, try "ulimit -c unlimited" before starting Java again
#
# If you would like to submit a bug report, please include
# instructions how to reproduce the bug and visit:
#   https://bugs.launchpad.net/ubuntu/+source/openjdk-6/
#

---------------  T H R E A D  ---------------

Current thread (0x00007f06ac110000):  JavaThread "JDWP Transport Listener: dt_socket" daemon [_thread_in_vm, id=11501, stack(0x00007f068c089000,0x00007f068c18a000)]

siginfo:si_signo=SIGSEGV: si_errno=0, si_code=128 (), si_addr=0x0000000000000000

Registers:
RAX=0x0000000000000063, RBX=0x00007f06ac006050, RCX=0x00007f06b49bf320, RDX=0x0000000000000001
RSP=0x00007f068c188aa0, RBP=0x00007f068c188b00, RSI=0x00007f06ac110000, RDI=0x00007f06ac006050
R8 =0x0000000000000000, R9 =0x00007f066000c5d0, R10=0x00007f0660000078, R11=0x00007f06b4150760
R12=0x75422f6f692f6176, R13=0x00007f068c188b67, R14=0x00007f06ac110000, R15=0x00007f068c188ab0
RIP=0x00007f06b3669d50, EFLAGS=0x0000000000010202, CSGSFS=0x0000000000000033, ERR=0x0000000000000000
  TRAPNO=0x000000000000000d

Top of Stack: (sp=0x00007f068c188aa0)
0x00007f068c188aa0:   00007f06b3da537c 00007f06b36b7081
0x00007f068c188ab0:   00007f06ac110000 0000000000000000
0x00007f068c188ac0:   00007f0600000000 0000000000000000
0x00007f068c188ad0:   00007f068c188c50 00007f068c188b67
0x00007f068c188ae0:   00007f06b2277ea0 75422f6f692f6176
0x00007f068c188af0:   00007f068c188b67 00007f068c188b6c
0x00007f068c188b00:   00007f068c188b30 00007f06b20636f9
0x00007f068c188b10:   00007f068c188b30 0000000000000006
0x00007f068c188b20:   00007f068c188c50 75422f6f692f6176
0x00007f068c188b30:   00007f068c188bc0 00007f06b2044498
0x00007f068c188b40:   00007f068c188b80 00007f068c188b80
0x00007f068c188b50:   00007f068c188b88 00000001b2049379
0x00007f068c188b60:   00007f068c188c20 0000000a00000007
0x00007f068c188b70:   00007f0660003780 0000000000000000
0x00007f068c188b80:   0000000000000000 0000000000000000
0x00007f068c188b90:   00007f068c188c20 00000000000f0200
0x00007f068c188ba0:   00007f068c188c20 0000000000000002
0x00007f068c188bb0:   00007f068c188c50 00007f06b2277ea0
0x00007f068c188bc0:   00007f068c188e10 00007f06b204e448
0x00007f068c188bd0:   0001e38600000013 00007f06600f0200
0x00007f068c188be0:   00007f0658000fb0 0000000000000000
0x00007f068c188bf0:   00007f06b47b18a4 00007f065800080f
0x00007f068c188c00:   0001e38600000013 00007f06600f0200
0x00007f068c188c10:   00007f0658000fb0 00007f06b36dad40
0x00007f068c188c20:   00007f0658000fb8 000000000000000b
0x00007f068c188c30:   0001e38600000013 00007f06600f0200
0x00007f068c188c40:   00007f0658000fb0 00007f066000e740
0x00007f068c188c50:   00007f0660007e05 00007f06000002ab
0x00007f068c188c60:   00007f066000e1c0 000000000000012c
0x00007f068c188c70:   00007f068c188ca0 00007f066000c650
0x00007f068c188c80:   00007f0000000000 0001e3860000000f
0x00007f068c188c90:   00007f060000f880 00007f068c188ca0 

Instructions: (pc=0x00007f06b3669d50)
0x00007f06b3669d30:   48 c1 e8 04 23 02 48 8d 15 23 66 73 00 48 03 02
0x00007f06b3669d40:   c7 00 01 00 00 00 e9 b6 fe ff ff 4d 85 e4 74 3b
0x00007f06b3669d50:   4d 8b 24 24 48 b8 fe fe fe fe fe fe fe fe 49 39
0x00007f06b3669d60:   c4 74 28 4d 85 e4 74 23 48 8d 05 b4 22 73 00 80 

Register to memory mapping:

RAX=0x0000000000000063 is an unknown value
RBX=0x00007f06ac006050 is an unknown value
RCX=0x00007f06b49bf320: <offset 0x219320> in /lib/x86_64-linux-gnu/libpthread.so.0 at 0x00007f06b47a6000
RDX=0x0000000000000001 is an unknown value
RSP=0x00007f068c188aa0 is pointing into the stack for thread: 0x00007f06ac110000
RBP=0x00007f068c188b00 is pointing into the stack for thread: 0x00007f06ac110000
RSI=0x00007f06ac110000 is a thread
RDI=0x00007f06ac006050 is an unknown value
R8 =0x0000000000000000 is an unknown value
R9 =0x00007f066000c5d0 is an unknown value
R10=0x00007f0660000078 is an unknown value
R11=0x00007f06b4150760: <offset 0x178760> in /lib/x86_64-linux-gnu/libc.so.6 at 0x00007f06b3fd8000
R12=0x75422f6f692f6176 is an unknown value
R13=0x00007f068c188b67 is pointing into the stack for thread: 0x00007f06ac110000
R14=0x00007f06ac110000 is a thread
R15=0x00007f068c188ab0 is pointing into the stack for thread: 0x00007f06ac110000


Stack: [0x00007f068c089000,0x00007f068c18a000],  sp=0x00007f068c188aa0,  free space=1022k
Native frames: (J=compiled Java code, j=interpreted, Vv=VM code, C=native code)
V  [libjvm.so+0x585d50]  jvmti_IsMethodSynthetic+0x1e0
C  [libjdwp.so+0x266f9]  Agent_OnLoad+0x16cd9
C  [libjdwp.so+0x7498]  getenv+0x7498
C  [libjdwp.so+0x11448]  Agent_OnLoad+0x1a28
C  [libjdwp.so+0x233d5]  Agent_OnLoad+0x139b5
V  [libjvm.so+0x5f1afb]  JvmtiAgentThread::start_function_wrapper(JavaThread*, Thread*)+0x9b
V  [libjvm.so+0x833731]  JavaThread::thread_main_inner()+0xe1
V  [libjvm.so+0x70cfd2]  java_start(Thread*)+0xf2


---------------  P R O C E S S  ---------------

Java Threads: ( => current thread )
  0x00007f06ac11b000 JavaThread "Low Memory Detector" daemon [_thread_blocked, id=11508, stack(0x00007f06778bb000,0x00007f06779bc000)]
  0x00007f06ac119000 JavaThread "C2 CompilerThread1" daemon [_thread_blocked, id=11507, stack(0x00007f06779bc000,0x00007f0677abd000)]
  0x00007f06ac116000 JavaThread "C2 CompilerThread0" daemon [_thread_blocked, id=11506, stack(0x00007f0677abd000,0x00007f0677bbe000)]
  0x00007f0660001000 JavaThread "JDWP Command Reader" daemon [_thread_in_native, id=11505, stack(0x00007f0677bbe000,0x00007f0677cbf000)]
  0x00007f06ac113800 JavaThread "JDWP Event Helper Thread" daemon [_thread_blocked, id=11503, stack(0x00007f0677cbf000,0x00007f0677dc0000)]
=>0x00007f06ac110000 JavaThread "JDWP Transport Listener: dt_socket" daemon [_thread_in_vm, id=11501, stack(0x00007f068c089000,0x00007f068c18a000)]
  0x00007f06ac103800 JavaThread "Signal Dispatcher" daemon [_thread_blocked, id=11500, stack(0x00007f068c38f000,0x00007f068c490000)]
  0x00007f06ac0ac800 JavaThread "Finalizer" daemon [_thread_blocked, id=11499, stack(0x00007f068c490000,0x00007f068c591000)]
  0x00007f06ac0aa800 JavaThread "Reference Handler" daemon [_thread_blocked, id=11498, stack(0x00007f068c591000,0x00007f068c692000)]
  0x00007f06ac00c800 JavaThread "main" [_thread_blocked, id=11488, stack(0x00007f06b4ac7000,0x00007f06b4bc8000)]

Other Threads:
  0x00007f06ac0a0800 VMThread [stack: 0x00007f068c692000,0x00007f068c793000] [id=11497]
  0x00007f06ac126000 WatcherThread [stack: 0x00007f06777ba000,0x00007f06778bb000] [id=11509]

VM state:not at safepoint (normal execution)

VM Mutex/Monitor currently owned by a thread: None

Heap
 PSYoungGen      total 74688K, used 15394K [0x00000007aca00000, 0x00000007b1d50000, 0x0000000800000000)
  eden space 64064K, 24% used [0x00000007aca00000,0x00000007ad908818,0x00000007b0890000)
  from space 10624K, 0% used [0x00000007b12f0000,0x00000007b12f0000,0x00000007b1d50000)
  to   space 10624K, 0% used [0x00000007b0890000,0x00000007b0890000,0x00000007b12f0000)
 ParOldGen       total 170752K, used 0K [0x0000000705e00000, 0x00000007104c0000, 0x00000007aca00000)
  object space 170752K, 0% used [0x0000000705e00000,0x0000000705e00000,0x00000007104c0000)
 PSPermGen       total 21248K, used 4829K [0x00000006fb800000, 0x00000006fccc0000, 0x0000000705e00000)
  object space 21248K, 22% used [0x00000006fb800000,0x00000006fbcb7750,0x00000006fccc0000)

Card table byte_map: [0x00007f06b03ff000,0x00007f06b0c24000] byte_map_base: 0x00007f06acc23000

Polling page: 0x00007f06b4be3000

Code Cache  [0x00007f06a9000000, 0x00007f06a9270000, 0x00007f06ac000000)
 total_blobs=260 nmethods=67 adapters=154 free_code_cache=48634Kb largest_free_block=49777536

Compilation events (10 events):
Event: 0.454 Thread 0x00007f06ac116000 nmethod 63 0x00007f06a907cf90 code [0x00007f06a907d0c0, 0x00007f06a907d118]
Event: 0.454 Thread 0x00007f06ac116000   64             com.github.dakusui.combinatoradix.Enumerator$Base$1::hasNext (21 bytes)
Event: 0.454 Thread 0x00007f06ac116000 nmethod 64 0x00007f06a907f450 code [0x00007f06a907f5a0, 0x00007f06a907f658]
Event: 0.454 Thread 0x00007f06ac116000   65             com.github.dakusui.combinatoradix.Enumerator$Base::access$000 (5 bytes)
Event: 0.454 Thread 0x00007f06ac116000 nmethod 65 0x00007f06a907f210 code [0x00007f06a907f340, 0x00007f06a907f3b8]
Event: 0.454 Thread 0x00007f06ac116000   66             java.util.LinkedList::toArray (46 bytes)
Event: 0.457 Thread 0x00007f06ac116000 nmethod 66 0x00007f06a907ed10 code [0x00007f06a907ee60, 0x00007f06a907f098]
Event: 0.457 Thread 0x00007f06ac116000   67             java.util.AbstractCollection::toArray (70 bytes)
Event: 0.467 Thread 0x00007f06ac116000 nmethod 67 0x00007f06a9083d10 code [0x00007f06a9083ee0, 0x00007f06a90847f8]
Event: 0.477 Thread 0x00007f06ac119000 nmethod 62 0x00007f06a9085010 code [0x00007f06a9085240, 0x00007f06a90864c8]

GC Heap History (0 events):
No events

Deoptimization events (3 events):
Event: 0.168 Thread 0x00007f06ac00c800 Uncommon trap -34 fr.pc 0x00007f06a905e30c
Event: 0.168 Thread 0x00007f06ac00c800 Uncommon trap -34 fr.pc 0x00007f06a905e30c
Event: 0.168 Thread 0x00007f06ac00c800 Uncommon trap -34 fr.pc 0x00007f06a905e30c

Internal exceptions (10 events):
Event: 0.273 Thread 0x00007f06ac00c800 Threw 0x00000007ad056558 at /build/openjdk-6-svWwIs/openjdk-6-6b38-1.13.10/build/openjdk/hotspot/src/share/vm/classfile/systemDicti
Event: 0.273 Thread 0x00007f06ac00c800 Threw 0x00000007ad056a38 at /build/openjdk-6-svWwIs/openjdk-6-6b38-1.13.10/build/openjdk/hotspot/src/share/vm/prims/jvm.cpp:1272
Event: 0.273 Thread 0x00007f06ac00c800 Threw 0x00000007ad05a310 at /build/openjdk-6-svWwIs/openjdk-6-6b38-1.13.10/build/openjdk/hotspot/src/share/vm/classfile/systemDicti
Event: 0.273 Thread 0x00007f06ac00c800 Threw 0x00000007ad05a790 at /build/openjdk-6-svWwIs/openjdk-6-6b38-1.13.10/build/openjdk/hotspot/src/share/vm/prims/jvm.cpp:1272
Event: 0.273 Thread 0x00007f06ac00c800 Threw 0x00000007ad05ea00 at /build/openjdk-6-svWwIs/openjdk-6-6b38-1.13.10/build/openjdk/hotspot/src/share/vm/classfile/systemDicti
Event: 0.273 Thread 0x00007f06ac00c800 Threw 0x00000007ad05ef70 at /build/openjdk-6-svWwIs/openjdk-6-6b38-1.13.10/build/openjdk/hotspot/src/share/vm/prims/jvm.cpp:1272
Event: 0.274 Thread 0x00007f06ac00c800 Threw 0x00000007ad062d28 at /build/openjdk-6-svWwIs/openjdk-6-6b38-1.13.10/build/openjdk/hotspot/src/share/vm/classfile/systemDicti
Event: 0.274 Thread 0x00007f06ac00c800 Threw 0x00000007ad0632a0 at /build/openjdk-6-svWwIs/openjdk-6-6b38-1.13.10/build/openjdk/hotspot/src/share/vm/prims/jvm.cpp:1272
Event: 0.274 Thread 0x00007f06ac00c800 Threw 0x00000007ad068240 at /build/openjdk-6-svWwIs/openjdk-6-6b38-1.13.10/build/openjdk/hotspot/src/share/vm/classfile/systemDicti
Event: 0.274 Thread 0x00007f06ac00c800 Threw 0x00000007ad0687d8 at /build/openjdk-6-svWwIs/openjdk-6-6b38-1.13.10/build/openjdk/hotspot/src/share/vm/prims/jvm.cpp:1272

Events (10 events):
Event: 68.826 Executing VM operation: ChangeBreakpoints
Event: 68.826 Executing VM operation: ChangeBreakpoints done
Event: 68.828 Executing VM operation: ChangeBreakpoints
Event: 68.828 Executing VM operation: ChangeBreakpoints done
Event: 375.772 Executing VM operation: ChangeBreakpoints
Event: 375.772 Executing VM operation: ChangeBreakpoints done
Event: 854.857 Executing VM operation: RedefineClasses
Event: 854.858 Executing VM operation: RedefineClasses done
Event: 854.858 Executing VM operation: GetOrSetLocal
Event: 854.859 Executing VM operation: GetOrSetLocal done


Dynamic libraries:
00400000-00409000 r-xp 00000000 08:01 4860189                            /usr/lib/jvm/java-6-openjdk-amd64/jre/bin/java
00608000-00609000 r--p 00008000 08:01 4860189                            /usr/lib/jvm/java-6-openjdk-amd64/jre/bin/java
00609000-0060a000 rw-p 00009000 08:01 4860189                            /usr/lib/jvm/java-6-openjdk-amd64/jre/bin/java
01745000-01766000 rw-p 00000000 00:00 0                                  [heap]
6fb800000-6fccc0000 rw-p 00000000 00:00 0 
6fccc0000-705e00000 rw-p 00000000 00:00 0 
705e00000-7104c0000 rw-p 00000000 00:00 0 
7104c0000-7aca00000 rw-p 00000000 00:00 0 
7aca00000-7b1d50000 rw-p 00000000 00:00 0 
7b1d50000-800000000 rw-p 00000000 00:00 0 
7f0648000000-7f0648021000 rw-p 00000000 00:00 0 
7f0648021000-7f064c000000 ---p 00000000 00:00 0 
7f0650000000-7f0650190000 rw-p 00000000 00:00 0 
7f0650190000-7f0654000000 ---p 00000000 00:00 0 
7f0654000000-7f0654021000 rw-p 00000000 00:00 0 
7f0654021000-7f0658000000 ---p 00000000 00:00 0 
7f0658000000-7f0658021000 rw-p 00000000 00:00 0 
7f0658021000-7f065c000000 ---p 00000000 00:00 0 
7f065c000000-7f065c22d000 rw-p 00000000 00:00 0 
7f065c22d000-7f0660000000 ---p 00000000 00:00 0 
7f0660000000-7f0660021000 rw-p 00000000 00:00 0 
7f0660021000-7f0664000000 ---p 00000000 00:00 0 
7f0664000000-7f0664021000 rw-p 00000000 00:00 0 
7f0664021000-7f0668000000 ---p 00000000 00:00 0 
7f0668000000-7f0668021000 rw-p 00000000 00:00 0 
7f0668021000-7f066c000000 ---p 00000000 00:00 0 
7f066c000000-7f066c021000 rw-p 00000000 00:00 0 
7f066c021000-7f0670000000 ---p 00000000 00:00 0 
7f0670000000-7f0670021000 rw-p 00000000 00:00 0 
7f0670021000-7f0674000000 ---p 00000000 00:00 0 
7f06775c0000-7f06777ba000 rw-p 00000000 00:00 0 
7f06777ba000-7f06777bb000 ---p 00000000 00:00 0 
7f06777bb000-7f06778bb000 rw-p 00000000 00:00 0                          [stack:11509]
7f06778bb000-7f06778be000 ---p 00000000 00:00 0 
7f06778be000-7f06779bc000 rw-p 00000000 00:00 0                          [stack:11508]
7f06779bc000-7f06779bf000 ---p 00000000 00:00 0 
7f06779bf000-7f0677abd000 rw-p 00000000 00:00 0                          [stack:11507]
7f0677abd000-7f0677ac0000 ---p 00000000 00:00 0 
7f0677ac0000-7f0677bbe000 rw-p 00000000 00:00 0                          [stack:11506]
7f0677bbe000-7f0677bc1000 ---p 00000000 00:00 0 
7f0677bc1000-7f0677cbf000 rw-p 00000000 00:00 0                          [stack:11505]
7f0677cbf000-7f0677cc2000 ---p 00000000 00:00 0 
7f0677cc2000-7f0680000000 rw-p 00000000 00:00 0                          [stack:11503]
7f0680000000-7f0680021000 rw-p 00000000 00:00 0 
7f0680021000-7f0684000000 ---p 00000000 00:00 0 
7f0684000000-7f0684021000 rw-p 00000000 00:00 0 
7f0684021000-7f0688000000 ---p 00000000 00:00 0 
7f0688000000-7f0688021000 rw-p 00000000 00:00 0 
7f0688021000-7f068c000000 ---p 00000000 00:00 0 
7f068c054000-7f068c073000 r--s 00150000 08:01 1969012                    /home/hiroshi/.m2/repository/org/mockito/mockito-core/1.9.5/mockito-core-1.9.5.jar
7f068c073000-7f068c07b000 r--s 00045000 08:01 1969011                    /home/hiroshi/.m2/repository/junit/junit/4.12/junit-4.12.jar
7f068c07b000-7f068c089000 r--s 0010f000 08:01 4860163                    /usr/lib/jvm/java-6-openjdk-common/jre/lib/rhino.jar
7f068c089000-7f068c08c000 ---p 00000000 00:00 0 
7f068c08c000-7f068c18a000 rw-p 00000000 00:00 0                          [stack:11501]
7f068c18a000-7f068c18e000 r-xp 00000000 08:01 4860207                    /usr/lib/jvm/java-6-openjdk-amd64/jre/lib/amd64/libdt_socket.so
7f068c18e000-7f068c38d000 ---p 00004000 08:01 4860207                    /usr/lib/jvm/java-6-openjdk-amd64/jre/lib/amd64/libdt_socket.so
7f068c38d000-7f068c38e000 r--p 00003000 08:01 4860207                    /usr/lib/jvm/java-6-openjdk-amd64/jre/lib/amd64/libdt_socket.so
7f068c38e000-7f068c38f000 rw-p 00004000 08:01 4860207                    /usr/lib/jvm/java-6-openjdk-amd64/jre/lib/amd64/libdt_socket.so
7f068c38f000-7f068c392000 ---p 00000000 00:00 0 
7f068c392000-7f068c490000 rw-p 00000000 00:00 0                          [stack:11500]
7f068c490000-7f068c493000 ---p 00000000 00:00 0 
7f068c493000-7f068c591000 rw-p 00000000 00:00 0                          [stack:11499]
7f068c591000-7f068c594000 ---p 00000000 00:00 0 
7f068c594000-7f068c692000 rw-p 00000000 00:00 0                          [stack:11498]
7f068c692000-7f068c693000 ---p 00000000 00:00 0 
7f068c693000-7f0690000000 rw-p 00000000 00:00 0                          [stack:11497]
7f0690000000-7f0690021000 rw-p 00000000 00:00 0 
7f0690021000-7f0694000000 ---p 00000000 00:00 0 
7f0694000000-7f0694021000 rw-p 00000000 00:00 0 
7f0694021000-7f0698000000 ---p 00000000 00:00 0 
7f0698000000-7f0698021000 rw-p 00000000 00:00 0 
7f0698021000-7f069c000000 ---p 00000000 00:00 0 
7f069c000000-7f069c021000 rw-p 00000000 00:00 0 
7f069c021000-7f06a0000000 ---p 00000000 00:00 0 
7f06a0000000-7f06a0021000 rw-p 00000000 00:00 0 
7f06a0021000-7f06a4000000 ---p 00000000 00:00 0 
7f06a4000000-7f06a4021000 rw-p 00000000 00:00 0 
7f06a4021000-7f06a8000000 ---p 00000000 00:00 0 
7f06a8001000-7f06a8003000 rw-p 00000000 00:00 0 
7f06a8003000-7f06a8005000 r--s 00005000 08:01 1969009                    /home/hiroshi/.m2/repository/org/objenesis/objenesis/1.0/objenesis-1.0.jar
7f06a8005000-7f06a8007000 r--s 00009000 08:01 1969010                    /home/hiroshi/.m2/repository/org/hamcrest/hamcrest-core/1.3/hamcrest-core-1.3.jar
7f06a8007000-7f06a8008000 r--s 00000000 08:01 4860165                    /usr/lib/jvm/java-6-openjdk-common/jre/lib/management-agent.jar
7f06a8008000-7f06a842d000 rw-p 00000000 00:00 0 
7f06a842d000-7f06a85c5000 r--s 01a2f000 08:01 4860197                    /usr/lib/jvm/java-6-openjdk-amd64/jre/lib/rt.jar
7f06a85c5000-7f06a85c6000 ---p 00000000 00:00 0 
7f06a85c6000-7f06a86c6000 rw-p 00000000 00:00 0                          [stack:11496]
7f06a86c6000-7f06a86c7000 ---p 00000000 00:00 0 
7f06a86c7000-7f06a87c7000 rw-p 00000000 00:00 0                          [stack:11495]
7f06a87c7000-7f06a87c8000 ---p 00000000 00:00 0 
7f06a87c8000-7f06a88c8000 rw-p 00000000 00:00 0                          [stack:11494]
7f06a88c8000-7f06a88c9000 ---p 00000000 00:00 0 
7f06a88c9000-7f06a89c9000 rw-p 00000000 00:00 0                          [stack:11493]
7f06a89c9000-7f06a89ca000 ---p 00000000 00:00 0 
7f06a89ca000-7f06a8b1e000 rw-p 00000000 00:00 0                          [stack:11492]
7f06a8b1e000-7f06a9000000 rw-p 00000000 00:00 0 
7f06a9000000-7f06a9270000 rwxp 00000000 00:00 0 
7f06a9270000-7f06ac2e0000 rw-p 00000000 00:00 0 
7f06ac2e0000-7f06b0000000 ---p 00000000 00:00 0 
7f06b0000000-7f06b0004000 r--s 00042000 08:01 4860173                    /usr/lib/jvm/java-6-openjdk-common/jre/lib/jsse.jar
7f06b0004000-7f06b000b000 r--s 00054000 08:01 4860180                    /usr/lib/jvm/java-6-openjdk-common/jre/lib/resources.jar
7f06b000b000-7f06b00a9000 rw-p 00000000 00:00 0 
7f06b00a9000-7f06b00aa000 ---p 00000000 00:00 0 
7f06b00aa000-7f06b01aa000 rw-p 00000000 00:00 0                          [stack:11491]
7f06b01aa000-7f06b01ab000 ---p 00000000 00:00 0 
7f06b01ab000-7f06b02ab000 rw-p 00000000 00:00 0                          [stack:11490]
7f06b02ab000-7f06b02ac000 ---p 00000000 00:00 0 
7f06b02ac000-7f06b03b7000 rw-p 00000000 00:00 0                          [stack:11489]
7f06b03b7000-7f06b03ff000 rw-p 00000000 00:00 0 
7f06b03ff000-7f06b040a000 rw-p 00000000 00:00 0 
7f06b040a000-7f06b0452000 rw-p 00000000 00:00 0 
7f06b0452000-7f06b04a6000 rw-p 00000000 00:00 0 
7f06b04a6000-7f06b0988000 rw-p 00000000 00:00 0 
7f06b0988000-7f06b09b2000 rw-p 00000000 00:00 0 
7f06b09b2000-7f06b0c23000 rw-p 00000000 00:00 0 
7f06b0c23000-7f06b0c24000 rw-p 00000000 00:00 0 
7f06b0c24000-7f06b0c2b000 r-xp 00000000 08:01 4860205                    /usr/lib/jvm/java-6-openjdk-amd64/jre/lib/amd64/libzip.so
7f06b0c2b000-7f06b0e2b000 ---p 00007000 08:01 4860205                    /usr/lib/jvm/java-6-openjdk-amd64/jre/lib/amd64/libzip.so
7f06b0e2b000-7f06b0e2c000 r--p 00007000 08:01 4860205                    /usr/lib/jvm/java-6-openjdk-amd64/jre/lib/amd64/libzip.so
7f06b0e2c000-7f06b0e2d000 rw-p 00008000 08:01 4860205                    /usr/lib/jvm/java-6-openjdk-amd64/jre/lib/amd64/libzip.so
7f06b0e2d000-7f06b0e38000 r-xp 00000000 08:01 3281950                    /lib/x86_64-linux-gnu/libnss_files-2.19.so
7f06b0e38000-7f06b1037000 ---p 0000b000 08:01 3281950                    /lib/x86_64-linux-gnu/libnss_files-2.19.so
7f06b1037000-7f06b1038000 r--p 0000a000 08:01 3281950                    /lib/x86_64-linux-gnu/libnss_files-2.19.so
7f06b1038000-7f06b1039000 rw-p 0000b000 08:01 3281950                    /lib/x86_64-linux-gnu/libnss_files-2.19.so
7f06b1039000-7f06b1044000 r-xp 00000000 08:01 3281938                    /lib/x86_64-linux-gnu/libnss_nis-2.19.so
7f06b1044000-7f06b1243000 ---p 0000b000 08:01 3281938                    /lib/x86_64-linux-gnu/libnss_nis-2.19.so
7f06b1243000-7f06b1244000 r--p 0000a000 08:01 3281938                    /lib/x86_64-linux-gnu/libnss_nis-2.19.so
7f06b1244000-7f06b1245000 rw-p 0000b000 08:01 3281938                    /lib/x86_64-linux-gnu/libnss_nis-2.19.so
7f06b1245000-7f06b125c000 r-xp 00000000 08:01 3281930                    /lib/x86_64-linux-gnu/libnsl-2.19.so
7f06b125c000-7f06b145b000 ---p 00017000 08:01 3281930                    /lib/x86_64-linux-gnu/libnsl-2.19.so
7f06b145b000-7f06b145c000 r--p 00016000 08:01 3281930                    /lib/x86_64-linux-gnu/libnsl-2.19.so
7f06b145c000-7f06b145d000 rw-p 00017000 08:01 3281930                    /lib/x86_64-linux-gnu/libnsl-2.19.so
7f06b145d000-7f06b145f000 rw-p 00000000 00:00 0 
7f06b145f000-7f06b1468000 r-xp 00000000 08:01 3281928                    /lib/x86_64-linux-gnu/libnss_compat-2.19.so
7f06b1468000-7f06b1667000 ---p 00009000 08:01 3281928                    /lib/x86_64-linux-gnu/libnss_compat-2.19.so
7f06b1667000-7f06b1668000 r--p 00008000 08:01 3281928                    /lib/x86_64-linux-gnu/libnss_compat-2.19.so
7f06b1668000-7f06b1669000 rw-p 00009000 08:01 3281928                    /lib/x86_64-linux-gnu/libnss_compat-2.19.so
7f06b1669000-7f06b1e39000 r--p 00000000 08:01 4856843                    /usr/lib/locale/locale-archive
7f06b1e39000-7f06b1e3c000 r-xp 00000000 08:01 4860211                    /usr/lib/jvm/java-6-openjdk-amd64/jre/lib/amd64/libnpt.so
7f06b1e3c000-7f06b203b000 ---p 00003000 08:01 4860211                    /usr/lib/jvm/java-6-openjdk-amd64/jre/lib/amd64/libnpt.so
7f06b203b000-7f06b203c000 r--p 00002000 08:01 4860211                    /usr/lib/jvm/java-6-openjdk-amd64/jre/lib/amd64/libnpt.so
7f06b203c000-7f06b203d000 rw-p 00003000 08:01 4860211                    /usr/lib/jvm/java-6-openjdk-amd64/jre/lib/amd64/libnpt.so
7f06b203d000-7f06b2077000 r-xp 00000000 08:01 4860217                    /usr/lib/jvm/java-6-openjdk-amd64/jre/lib/amd64/libjdwp.so
7f06b2077000-7f06b2276000 ---p 0003a000 08:01 4860217                    /usr/lib/jvm/java-6-openjdk-amd64/jre/lib/amd64/libjdwp.so
7f06b2276000-7f06b2277000 r--p 00039000 08:01 4860217                    /usr/lib/jvm/java-6-openjdk-amd64/jre/lib/amd64/libjdwp.so
7f06b2277000-7f06b2278000 rw-p 0003a000 08:01 4860217                    /usr/lib/jvm/java-6-openjdk-amd64/jre/lib/amd64/libjdwp.so
7f06b2278000-7f06b22a7000 r-xp 00000000 08:01 4860212                    /usr/lib/jvm/java-6-openjdk-amd64/jre/lib/amd64/libjava.so
7f06b22a7000-7f06b24a6000 ---p 0002f000 08:01 4860212                    /usr/lib/jvm/java-6-openjdk-amd64/jre/lib/amd64/libjava.so
7f06b24a6000-7f06b24a7000 r--p 0002e000 08:01 4860212                    /usr/lib/jvm/java-6-openjdk-amd64/jre/lib/amd64/libjava.so
7f06b24a7000-7f06b24aa000 rw-p 0002f000 08:01 4860212                    /usr/lib/jvm/java-6-openjdk-amd64/jre/lib/amd64/libjava.so
7f06b24aa000-7f06b24ba000 r-xp 00000000 08:01 4860225                    /usr/lib/jvm/java-6-openjdk-amd64/jre/lib/amd64/libverify.so
7f06b24ba000-7f06b26b9000 ---p 00010000 08:01 4860225                    /usr/lib/jvm/java-6-openjdk-amd64/jre/lib/amd64/libverify.so
7f06b26b9000-7f06b26bb000 r--p 0000f000 08:01 4860225                    /usr/lib/jvm/java-6-openjdk-amd64/jre/lib/amd64/libverify.so
7f06b26bb000-7f06b26bc000 rw-p 00011000 08:01 4860225                    /usr/lib/jvm/java-6-openjdk-amd64/jre/lib/amd64/libverify.so
7f06b26bc000-7f06b26c3000 r-xp 00000000 08:01 3281946                    /lib/x86_64-linux-gnu/librt-2.19.so
7f06b26c3000-7f06b28c2000 ---p 00007000 08:01 3281946                    /lib/x86_64-linux-gnu/librt-2.19.so
7f06b28c2000-7f06b28c3000 r--p 00006000 08:01 3281946                    /lib/x86_64-linux-gnu/librt-2.19.so
7f06b28c3000-7f06b28c4000 rw-p 00007000 08:01 3281946                    /lib/x86_64-linux-gnu/librt-2.19.so
7f06b28c4000-7f06b28da000 r-xp 00000000 08:01 3280836                    /lib/x86_64-linux-gnu/libgcc_s.so.1
7f06b28da000-7f06b2ad9000 ---p 00016000 08:01 3280836                    /lib/x86_64-linux-gnu/libgcc_s.so.1
7f06b2ad9000-7f06b2ada000 rw-p 00015000 08:01 3280836                    /lib/x86_64-linux-gnu/libgcc_s.so.1
7f06b2ada000-7f06b2bdf000 r-xp 00000000 08:01 3281869                    /lib/x86_64-linux-gnu/libm-2.19.so
7f06b2bdf000-7f06b2dde000 ---p 00105000 08:01 3281869                    /lib/x86_64-linux-gnu/libm-2.19.so
7f06b2dde000-7f06b2ddf000 r--p 00104000 08:01 3281869                    /lib/x86_64-linux-gnu/libm-2.19.so
7f06b2ddf000-7f06b2de0000 rw-p 00105000 08:01 3281869                    /lib/x86_64-linux-gnu/libm-2.19.so
7f06b2de0000-7f06b2ec6000 r-xp 00000000 08:01 4850014                    /usr/lib/x86_64-linux-gnu/libstdc++.so.6.0.19
7f06b2ec6000-7f06b30c5000 ---p 000e6000 08:01 4850014                    /usr/lib/x86_64-linux-gnu/libstdc++.so.6.0.19
7f06b30c5000-7f06b30cd000 r--p 000e5000 08:01 4850014                    /usr/lib/x86_64-linux-gnu/libstdc++.so.6.0.19
7f06b30cd000-7f06b30cf000 rw-p 000ed000 08:01 4850014                    /usr/lib/x86_64-linux-gnu/libstdc++.so.6.0.19
7f06b30cf000-7f06b30e4000 rw-p 00000000 00:00 0 
7f06b30e4000-7f06b3af8000 r-xp 00000000 08:01 4860218                    /usr/lib/jvm/java-6-openjdk-amd64/jre/lib/amd64/server/libjvm.so
7f06b3af8000-7f06b3cf8000 ---p 00a14000 08:01 4860218                    /usr/lib/jvm/java-6-openjdk-amd64/jre/lib/amd64/server/libjvm.so
7f06b3cf8000-7f06b3d71000 r--p 00a14000 08:01 4860218                    /usr/lib/jvm/java-6-openjdk-amd64/jre/lib/amd64/server/libjvm.so
7f06b3d71000-7f06b3d94000 rw-p 00a8d000 08:01 4860218                    /usr/lib/jvm/java-6-openjdk-amd64/jre/lib/amd64/server/libjvm.so
7f06b3d94000-7f06b3dbf000 rw-p 00000000 00:00 0 
7f06b3dbf000-7f06b3dd7000 r-xp 00000000 08:01 3280993                    /lib/x86_64-linux-gnu/libz.so.1.2.8
7f06b3dd7000-7f06b3fd6000 ---p 00018000 08:01 3280993                    /lib/x86_64-linux-gnu/libz.so.1.2.8
7f06b3fd6000-7f06b3fd7000 r--p 00017000 08:01 3280993                    /lib/x86_64-linux-gnu/libz.so.1.2.8
7f06b3fd7000-7f06b3fd8000 rw-p 00018000 08:01 3280993                    /lib/x86_64-linux-gnu/libz.so.1.2.8
7f06b3fd8000-7f06b4193000 r-xp 00000000 08:01 3281947                    /lib/x86_64-linux-gnu/libc-2.19.so
7f06b4193000-7f06b4392000 ---p 001bb000 08:01 3281947                    /lib/x86_64-linux-gnu/libc-2.19.so
7f06b4392000-7f06b4396000 r--p 001ba000 08:01 3281947                    /lib/x86_64-linux-gnu/libc-2.19.so
7f06b4396000-7f06b4398000 rw-p 001be000 08:01 3281947                    /lib/x86_64-linux-gnu/libc-2.19.so
7f06b4398000-7f06b439d000 rw-p 00000000 00:00 0 
7f06b439d000-7f06b43a0000 r-xp 00000000 08:01 3281872                    /lib/x86_64-linux-gnu/libdl-2.19.so
7f06b43a0000-7f06b459f000 ---p 00003000 08:01 3281872                    /lib/x86_64-linux-gnu/libdl-2.19.so
7f06b459f000-7f06b45a0000 r--p 00002000 08:01 3281872                    /lib/x86_64-linux-gnu/libdl-2.19.so
7f06b45a0000-7f06b45a1000 rw-p 00003000 08:01 3281872                    /lib/x86_64-linux-gnu/libdl-2.19.so
7f06b45a1000-7f06b45a5000 r-xp 00000000 08:01 4860226                    /usr/lib/jvm/java-6-openjdk-amd64/jre/lib/amd64/jli/libjli.so
7f06b45a5000-7f06b47a4000 ---p 00004000 08:01 4860226                    /usr/lib/jvm/java-6-openjdk-amd64/jre/lib/amd64/jli/libjli.so
7f06b47a4000-7f06b47a5000 r--p 00003000 08:01 4860226                    /usr/lib/jvm/java-6-openjdk-amd64/jre/lib/amd64/jli/libjli.so
7f06b47a5000-7f06b47a6000 rw-p 00004000 08:01 4860226                    /usr/lib/jvm/java-6-openjdk-amd64/jre/lib/amd64/jli/libjli.so
7f06b47a6000-7f06b47bf000 r-xp 00000000 08:01 3281932                    /lib/x86_64-linux-gnu/libpthread-2.19.so
7f06b47bf000-7f06b49be000 ---p 00019000 08:01 3281932                    /lib/x86_64-linux-gnu/libpthread-2.19.so
7f06b49be000-7f06b49bf000 r--p 00018000 08:01 3281932                    /lib/x86_64-linux-gnu/libpthread-2.19.so
7f06b49bf000-7f06b49c0000 rw-p 00019000 08:01 3281932                    /lib/x86_64-linux-gnu/libpthread-2.19.so
7f06b49c0000-7f06b49c4000 rw-p 00000000 00:00 0 
7f06b49c4000-7f06b49e7000 r-xp 00000000 08:01 3281934                    /lib/x86_64-linux-gnu/ld-2.19.so
7f06b49e7000-7f06b49ea000 r--s 00016000 08:01 4860157                    /usr/lib/jvm/java-6-openjdk-common/jre/lib/jce.jar
7f06b49ea000-7f06b49eb000 r--s 00000000 08:01 4860181                    /usr/lib/jvm/java-6-openjdk-common/jre/lib/compilefontconfig.jar
7f06b49eb000-7f06b49ed000 r--s 00009000 08:01 4860179                    /usr/lib/jvm/java-6-openjdk-common/jre/lib/javazic.jar
7f06b49ed000-7f06b49fb000 r--s 00351000 08:01 4854747                    /usr/lib/jvm/java-6-openjdk-common/jre/lib/charsets.jar
7f06b49fb000-7f06b49ff000 r--s 00042000 08:01 4860173                    /usr/lib/jvm/java-6-openjdk-common/jre/lib/jsse.jar
7f06b49ff000-7f06b4a01000 r--s 00023000 08:01 4722061                    /opt/idea-IC-145.597.3/plugins/junit/lib/junit-rt.jar
7f06b4a01000-7f06b4a03000 r--s 0001e000 08:01 4604905                    /opt/idea-IC-145.597.3/lib/idea_rt.jar
7f06b4a03000-7f06b4a07000 r--s 00031000 08:01 4860159                    /usr/lib/jvm/java-6-openjdk-common/jre/lib/ext/sunjce_provider.jar
7f06b4a07000-7f06b4a11000 rw-p 00000000 00:00 0 
7f06b4a11000-7f06b4ac7000 rw-p 00000000 00:00 0 
7f06b4ac7000-7f06b4aca000 ---p 00000000 00:00 0 
7f06b4aca000-7f06b4bcd000 rw-p 00000000 00:00 0                          [stack:11488]
7f06b4bcd000-7f06b4bd0000 r--s 0003a000 08:01 4860160                    /usr/lib/jvm/java-6-openjdk-common/jre/lib/ext/sunpkcs11.jar
7f06b4bd0000-7f06b4bd3000 r--s 00078000 08:01 4860158                    /usr/lib/jvm/java-6-openjdk-common/jre/lib/ext/localedata.jar
7f06b4bd3000-7f06b4bd5000 r--s 00006000 08:01 5248257                    /usr/share/java/java-atk-wrapper.jar
7f06b4bd5000-7f06b4bd7000 r--s 00001000 08:01 4860161                    /usr/lib/jvm/java-6-openjdk-common/jre/lib/ext/dnsns.jar
7f06b4bd7000-7f06b4bda000 r--s 0000f000 08:01 4860162                    /usr/lib/jvm/java-6-openjdk-common/jre/lib/ext/pulse-java.jar
7f06b4bda000-7f06b4be2000 rw-s 00000000 08:01 2499391                    /tmp/hsperfdata_hiroshi/11486
7f06b4be2000-7f06b4be3000 rw-p 00000000 00:00 0 
7f06b4be3000-7f06b4be4000 r--p 00000000 00:00 0 
7f06b4be4000-7f06b4be6000 rw-p 00000000 00:00 0 
7f06b4be6000-7f06b4be7000 r--p 00022000 08:01 3281934                    /lib/x86_64-linux-gnu/ld-2.19.so
7f06b4be7000-7f06b4be8000 rw-p 00023000 08:01 3281934                    /lib/x86_64-linux-gnu/ld-2.19.so
7f06b4be8000-7f06b4be9000 rw-p 00000000 00:00 0 
7ffd2c799000-7ffd2c7bb000 rw-p 00000000 00:00 0                          [stack]
7ffd2c7ce000-7ffd2c7d0000 r-xp 00000000 00:00 0                          [vdso]
ffffffffff600000-ffffffffff601000 r-xp 00000000 00:00 0                  [vsyscall]

VM Arguments:
jvm_args: -agentlib:jdwp=transport=dt_socket,address=127.0.0.1:52398,suspend=y,server=n -ea -Didea.junit.sm_runner -Dfile.encoding=UTF-8 
java_command: com.intellij.rt.execution.junit.JUnitStarter -ideVersion5 com.github.dakusui.jcunit.tests.features.api.TestSuiteBuilderTest,aetgTestSuiteBuildingNegativeTestGenerationEnabled
Launcher Type: SUN_STANDARD

Environment Variables:
JAVA_HOME=/usr/lib/jvm/java-8-oracle
PATH=/usr/local/sbin:/usr/local/bin:/usr/sbin:/usr/bin:/sbin:/bin:/usr/games:/usr/local/games
LD_LIBRARY_PATH=/usr/lib/jvm/java-6-openjdk-amd64/jre/lib/amd64/server:/usr/lib/jvm/java-6-openjdk-amd64/jre/lib/amd64:/usr/lib/jvm/java-6-openjdk-amd64/jre/../lib/amd64:/opt/intellij-idea-ce/bin:
SHELL=/bin/bash
DISPLAY=:0

Signal Handlers:
SIGSEGV: [libjvm.so+0x8761f0], sa_mask[0]=0x7ffbfeff, sa_flags=0x10000004
SIGBUS: [libjvm.so+0x8761f0], sa_mask[0]=0x7ffbfeff, sa_flags=0x10000004
SIGFPE: [libjvm.so+0x70bb40], sa_mask[0]=0x7ffbfeff, sa_flags=0x10000004
SIGPIPE: [libjvm.so+0x70bb40], sa_mask[0]=0x7ffbfeff, sa_flags=0x10000004
SIGXFSZ: [libjvm.so+0x70bb40], sa_mask[0]=0x7ffbfeff, sa_flags=0x10000004
SIGILL: [libjvm.so+0x70bb40], sa_mask[0]=0x7ffbfeff, sa_flags=0x10000004
SIGUSR1: SIG_DFL, sa_mask[0]=0x00000000, sa_flags=0x00000000
SIGUSR2: [libjvm.so+0x70b870], sa_mask[0]=0x00000004, sa_flags=0x10000004
SIGHUP: [libjvm.so+0x70bb50], sa_mask[0]=0x7ffbfeff, sa_flags=0x10000004
SIGINT: [libjvm.so+0x70bb50], sa_mask[0]=0x7ffbfeff, sa_flags=0x10000004
SIGTERM: [libjvm.so+0x70bb50], sa_mask[0]=0x7ffbfeff, sa_flags=0x10000004
SIGQUIT: [libjvm.so+0x70bb50], sa_mask[0]=0x7ffbfeff, sa_flags=0x10000004


---------------  S Y S T E M  ---------------

OS:Ubuntu 14.04 (trusty)
uname:Linux 3.13.0-85-generic #129-Ubuntu SMP Thu Mar 17 20:50:15 UTC 2016 x86_64
libc:glibc 2.19 NPTL 2.19 
rlimit: STACK 8192k, CORE 0k, NPROC 127860, NOFILE 4096, AS infinity
load average:1.62 0.88 0.67

/proc/meminfo:
MemTotal:       16387680 kB
MemFree:          418876 kB
Buffers:          477852 kB
Cached:          3298320 kB
SwapCached:       622568 kB
Active:          5587512 kB
Inactive:        3129144 kB
Active(anon):    3454560 kB
Inactive(anon):  1524092 kB
Active(file):    2132952 kB
Inactive(file):  1605052 kB
Unevictable:          52 kB
Mlocked:              52 kB
SwapTotal:      25033724 kB
SwapFree:       22935664 kB
Dirty:              8108 kB
Writeback:             0 kB
AnonPages:       4589444 kB
Mapped:           499036 kB
Shmem:             37768 kB
Slab:             551368 kB
SReclaimable:     417344 kB
SUnreclaim:       134024 kB
KernelStack:        6432 kB
PageTables:        60068 kB
NFS_Unstable:          0 kB
Bounce:                0 kB
WritebackTmp:          0 kB
CommitLimit:    33227564 kB
Committed_AS:   17743968 kB
VmallocTotal:   34359738367 kB
VmallocUsed:      127860 kB
VmallocChunk:   34359479968 kB
HardwareCorrupted:     0 kB
AnonHugePages:   1300480 kB
HugePages_Total:       0
HugePages_Free:        0
HugePages_Rsvd:        0
HugePages_Surp:        0
Hugepagesize:       2048 kB
DirectMap4k:       84916 kB
DirectMap2M:    16646144 kB


CPU:total 8 (4 cores per cpu, 2 threads per core) family 6 model 58 stepping 9, cmov, cx8, fxsr, mmx, sse, sse2, sse3, ssse3, sse4.1, sse4.2, popcnt, avx, ht, tsc, tscinvbit, tscinv

/proc/cpuinfo:
processor	: 0
vendor_id	: GenuineIntel
cpu family	: 6
model		: 58
model name	: Intel(R) Core(TM) i7-3770 CPU @ 3.40GHz
stepping	: 9
microcode	: 0x12
cpu MHz		: 3401.000
cache size	: 8192 KB
physical id	: 0
siblings	: 8
core id		: 0
cpu cores	: 4
apicid		: 0
initial apicid	: 0
fpu		: yes
fpu_exception	: yes
cpuid level	: 13
wp		: yes
flags		: fpu vme de pse tsc msr pae mce cx8 apic sep mtrr pge mca cmov pat pse36 clflush dts acpi mmx fxsr sse sse2 ss ht tm pbe syscall nx rdtscp lm constant_tsc arch_perfmon pebs bts rep_good nopl xtopology nonstop_tsc aperfmperf eagerfpu pni pclmulqdq dtes64 monitor ds_cpl vmx smx est tm2 ssse3 cx16 xtpr pdcm pcid sse4_1 sse4_2 x2apic popcnt tsc_deadline_timer aes xsave avx f16c rdrand lahf_lm ida arat epb xsaveopt pln pts dtherm tpr_shadow vnmi flexpriority ept vpid fsgsbase smep erms
bogomips	: 6784.45
clflush size	: 64
cache_alignment	: 64
address sizes	: 36 bits physical, 48 bits virtual
power management:

processor	: 1
vendor_id	: GenuineIntel
cpu family	: 6
model		: 58
model name	: Intel(R) Core(TM) i7-3770 CPU @ 3.40GHz
stepping	: 9
microcode	: 0x12
cpu MHz		: 3401.000
cache size	: 8192 KB
physical id	: 0
siblings	: 8
core id		: 1
cpu cores	: 4
apicid		: 2
initial apicid	: 2
fpu		: yes
fpu_exception	: yes
cpuid level	: 13
wp		: yes
flags		: fpu vme de pse tsc msr pae mce cx8 apic sep mtrr pge mca cmov pat pse36 clflush dts acpi mmx fxsr sse sse2 ss ht tm pbe syscall nx rdtscp lm constant_tsc arch_perfmon pebs bts rep_good nopl xtopology nonstop_tsc aperfmperf eagerfpu pni pclmulqdq dtes64 monitor ds_cpl vmx smx est tm2 ssse3 cx16 xtpr pdcm pcid sse4_1 sse4_2 x2apic popcnt tsc_deadline_timer aes xsave avx f16c rdrand lahf_lm ida arat epb xsaveopt pln pts dtherm tpr_shadow vnmi flexpriority ept vpid fsgsbase smep erms
bogomips	: 6784.45
clflush size	: 64
cache_alignment	: 64
address sizes	: 36 bits physical, 48 bits virtual
power management:

processor	: 2
vendor_id	: GenuineIntel
cpu family	: 6
model		: 58
model name	: Intel(R) Core(TM) i7-3770 CPU @ 3.40GHz
stepping	: 9
microcode	: 0x12
cpu MHz		: 1600.000
cache size	: 8192 KB
physical id	: 0
siblings	: 8
core id		: 2
cpu cores	: 4
apicid		: 4
initial apicid	: 4
fpu		: yes
fpu_exception	: yes
cpuid level	: 13
wp		: yes
flags		: fpu vme de pse tsc msr pae mce cx8 apic sep mtrr pge mca cmov pat pse36 clflush dts acpi mmx fxsr sse sse2 ss ht tm pbe syscall nx rdtscp lm constant_tsc arch_perfmon pebs bts rep_good nopl xtopology nonstop_tsc aperfmperf eagerfpu pni pclmulqdq dtes64 monitor ds_cpl vmx smx est tm2 ssse3 cx16 xtpr pdcm pcid sse4_1 sse4_2 x2apic popcnt tsc_deadline_timer aes xsave avx f16c rdrand lahf_lm ida arat epb xsaveopt pln pts dtherm tpr_shadow vnmi flexpriority ept vpid fsgsbase smep erms
bogomips	: 6784.45
clflush size	: 64
cache_alignment	: 64
address sizes	: 36 bits physical, 48 bits virtual
power management:

processor	: 3
vendor_id	: GenuineIntel
cpu family	: 6
model		: 58
model name	: Intel(R) Core(TM) i7-3770 CPU @ 3.40GHz
stepping	: 9
microcode	: 0x12
cpu MHz		: 3401.000
cache size	: 8192 KB
physical id	: 0
siblings	: 8
core id		: 3
cpu cores	: 4
apicid		: 6
initial apicid	: 6
fpu		: yes
fpu_exception	: yes
cpuid level	: 13
wp		: yes
flags		: fpu vme de pse tsc msr pae mce cx8 apic sep mtrr pge mca cmov pat pse36 clflush dts acpi mmx fxsr sse sse2 ss ht tm pbe syscall nx rdtscp lm constant_tsc arch_perfmon pebs bts rep_good nopl xtopology nonstop_tsc aperfmperf eagerfpu pni pclmulqdq dtes64 monitor ds_cpl vmx smx est tm2 ssse3 cx16 xtpr pdcm pcid sse4_1 sse4_2 x2apic popcnt tsc_deadline_timer aes xsave avx f16c rdrand lahf_lm ida arat epb xsaveopt pln pts dtherm tpr_shadow vnmi flexpriority ept vpid fsgsbase smep erms
bogomips	: 6784.45
clflush size	: 64
cache_alignment	: 64
address sizes	: 36 bits physical, 48 bits virtual
power management:

processor	: 4
vendor_id	: GenuineIntel
cpu family	: 6
model		: 58
model name	: Intel(R) Core(TM) i7-3770 CPU @ 3.40GHz
stepping	: 9
microcode	: 0x12
cpu MHz		: 3000.000
cache size	: 8192 KB
physical id	: 0
siblings	: 8
core id		: 0
cpu cores	: 4
apicid		: 1
initial apicid	: 1
fpu		: yes
fpu_exception	: yes
cpuid level	: 13
wp		: yes
flags		: fpu vme de pse tsc msr pae mce cx8 apic sep mtrr pge mca cmov pat pse36 clflush dts acpi mmx fxsr sse sse2 ss ht tm pbe syscall nx rdtscp lm constant_tsc arch_perfmon pebs bts rep_good nopl xtopology nonstop_tsc aperfmperf eagerfpu pni pclmulqdq dtes64 monitor ds_cpl vmx smx est tm2 ssse3 cx16 xtpr pdcm pcid sse4_1 sse4_2 x2apic popcnt tsc_deadline_timer aes xsave avx f16c rdrand lahf_lm ida arat epb xsaveopt pln pts dtherm tpr_shadow vnmi flexpriority ept vpid fsgsbase smep erms
bogomips	: 6784.45
clflush size	: 64
cache_alignment	: 64
address sizes	: 36 bits physical, 48 bits virtual
power management:

processor	: 5
vendor_id	: GenuineIntel
cpu family	: 6
model		: 58
model name	: Intel(R) Core(TM) i7-3770 CPU @ 3.40GHz
stepping	: 9
microcode	: 0x12
cpu MHz		: 1600.000
cache size	: 8192 KB
physical id	: 0
siblings	: 8
core id		: 1
cpu cores	: 4
apicid		: 3
initial apicid	: 3
fpu		: yes
fpu_exception	: yes
cpuid level	: 13
wp		: yes
flags		: fpu vme de pse tsc msr pae mce cx8 apic sep mtrr pge mca cmov pat pse36 clflush dts acpi mmx fxsr sse sse2 ss ht tm pbe syscall nx rdtscp lm constant_tsc arch_perfmon pebs bts rep_good nopl xtopology nonstop_tsc aperfmperf eagerfpu pni pclmulqdq dtes64 monitor ds_cpl vmx smx est tm2 ssse3 cx16 xtpr pdcm pcid sse4_1 sse4_2 x2apic popcnt tsc_deadline_timer aes xsave avx f16c rdrand lahf_lm ida arat epb xsaveopt pln pts dtherm tpr_shadow vnmi flexpriority ept vpid fsgsbase smep erms
bogomips	: 6784.45
clflush size	: 64
cache_alignment	: 64
address sizes	: 36 bits physical, 48 bits virtual
power management:

processor	: 6
vendor_id	: GenuineIntel
cpu family	: 6
model		: 58
model name	: Intel(R) Core(TM) i7-3770 CPU @ 3.40GHz
stepping	: 9
microcode	: 0x12
cpu MHz		: 2500.000
cache size	: 8192 KB
physical id	: 0
siblings	: 8
core id		: 2
cpu cores	: 4
apicid		: 5
initial apicid	: 5
fpu		: yes
fpu_exception	: yes
cpuid level	: 13
wp		: yes
flags		: fpu vme de pse tsc msr pae mce cx8 apic sep mtrr pge mca cmov pat pse36 clflush dts acpi mmx fxsr sse sse2 ss ht tm pbe syscall nx rdtscp lm constant_tsc arch_perfmon pebs bts rep_good nopl xtopology nonstop_tsc aperfmperf eagerfpu pni pclmulqdq dtes64 monitor ds_cpl vmx smx est tm2 ssse3 cx16 xtpr pdcm pcid sse4_1 sse4_2 x2apic popcnt tsc_deadline_timer aes xsave avx f16c rdrand lahf_lm ida arat epb xsaveopt pln pts dtherm tpr_shadow vnmi flexpriority ept vpid fsgsbase smep erms
bogomips	: 6784.45
clflush size	: 64
cache_alignment	: 64
address sizes	: 36 bits physical, 48 bits virtual
power management:

processor	: 7
vendor_id	: GenuineIntel
cpu family	: 6
model		: 58
model name	: Intel(R) Core(TM) i7-3770 CPU @ 3.40GHz
stepping	: 9
microcode	: 0x12
cpu MHz		: 2100.000
cache size	: 8192 KB
physical id	: 0
siblings	: 8
core id		: 3
cpu cores	: 4
apicid		: 7
initial apicid	: 7
fpu		: yes
fpu_exception	: yes
cpuid level	: 13
wp		: yes
flags		: fpu vme de pse tsc msr pae mce cx8 apic sep mtrr pge mca cmov pat pse36 clflush dts acpi mmx fxsr sse sse2 ss ht tm pbe syscall nx rdtscp lm constant_tsc arch_perfmon pebs bts rep_good nopl xtopology nonstop_tsc aperfmperf eagerfpu pni pclmulqdq dtes64 monitor ds_cpl vmx smx est tm2 ssse3 cx16 xtpr pdcm pcid sse4_1 sse4_2 x2apic popcnt tsc_deadline_timer aes xsave avx f16c rdrand lahf_lm ida arat epb xsaveopt pln pts dtherm tpr_shadow vnmi flexpriority ept vpid fsgsbase smep erms
bogomips	: 6784.45
clflush size	: 64
cache_alignment	: 64
address sizes	: 36 bits physical, 48 bits virtual
power management:



Memory: 4k page, physical 16387680k(418876k free), swap 25033724k(22935664k free)

vm_info: OpenJDK 64-Bit Server VM (23.25-b01) for linux-amd64 JRE (1.6.0_38-b38), built on Jan 26 2016 14:25:33 by "buildd" with gcc 4.8.4

time: Thu Apr 21 10:56:46 2016
elapsed time: 854 seconds

