#
# A fatal error has been detected by the Java Runtime Environment:
#
#  SIGSEGV (0xb) at pc=0x0000000105f75908, pid=33768, tid=16643
#
# JRE version: Java(TM) SE Runtime Environment (8.0_65-b17) (build 1.8.0_65-b17)
# Java VM: Java HotSpot(TM) 64-Bit Server VM (25.65-b01 mixed mode bsd-amd64 compressed oops)
# Problematic frame:
# V  [libjvm.dylib+0x446908]  Method::checked_resolve_jmethod_id(_jmethodID*)+0xe
#
# Failed to write core dump. Core dumps have been disabled. To enable core dumping, try "ulimit -c unlimited" before starting Java again
#
# If you would like to submit a bug report, please visit:
#   http://bugreport.java.com/bugreport/crash.jsp
#

---------------  T H R E A D  ---------------

Current thread (0x00007fd833020000):  JavaThread "JDWP Transport Listener: dt_socket" daemon [_thread_in_vm, id=16643, stack(0x000000011ef1d000,0x000000011f01d000)]

siginfo: si_signo: 11 (SIGSEGV), si_code: 0 (unknown), si_addr: 0x0000000000000000

Registers:
RAX=0x0000000000000001, RBX=0x000000011f01ca8b, RCX=0x0000000106344310, RDX=0x000000011f01ca8b
RSP=0x000000011f01c9d0, RBP=0x000000011f01c9e0, RSI=0x00007fd833020000, RDI=0x2a7265736f706d6f
R8 =0x0000000000000000, R9 =0x00007fd832c00000, R10=0x0000000000000010, R11=0x00007fd832c00000
R12=0x00007fd833020000, R13=0x2a7265736f706d6f, R14=0x2a7265736f706d6f, R15=0x00007fd832c02870
RIP=0x0000000105f75908, EFLAGS=0x0000000000010206, ERR=0x0000000000000000
  TRAPNO=0x000000000000000d

Top of Stack: (sp=0x000000011f01c9d0)
0x000000011f01c9d0:   000000011f01ca8b 000000011f01ca8b
0x000000011f01c9e0:   000000011f01ca40 0000000105e84a02
0x000000011f01c9f0:   00007fd833020000 0000000000000000
0x000000011f01ca00:   0000000000000000 0000000000000000
0x000000011f01ca10:   00007fd833020000 00007fd833020000
0x000000011f01ca20:   000000011f01ca8b 000000011f01ca90
0x000000011f01ca30:   2a7265736f706d6f 0000000000000008
0x000000011f01ca40:   000000011f01ca60 0000000107455780
0x000000011f01ca50:   0000000000000001 000000011f01cb08
0x000000011f01ca60:   000000011f01cad0 000000010743a1f3
0x000000011f01ca70:   000000011f01caa0 00007fd832c36fa0
0x000000011f01ca80:   0000000900000032 000000080001cb08
0x000000011f01ca90:   0000000000000000 0000000000000000
0x000000011f01caa0:   0000000000000000 000000011f01cc90
0x000000011f01cab0:   000000010745ce7a 00007fd832e21da0
0x000000011f01cac0:   000000011f01cb08 0000000107468598
0x000000011f01cad0:   000000011f01cae0 000000010743a2ec
0x000000011f01cae0:   000000011f01cd00 0000000107443898
0x000000011f01caf0:   000005fd00000013 00000000000f0200
0x000000011f01cb00:   00007fd832e48260 00007fd833109b9d
0x000000011f01cb10:   00007fd800000313 00007fd832c37e50
0x000000011f01cb20:   00007fd80000012c 000000011f01cb58
0x000000011f01cb30:   00007fd832c36770 0000000000000000
0x000000011f01cb40:   000005fd00000030 0000000000000080
0x000000011f01cb50:   000000011f01cb58 d87f000009000000
0x000000011f01cb60:   0e000000a058d532 61246164626d616c
0x000000011f01cb70:   00003124796c7070 6176616a4c284200
0x000000011f01cb80:   694c2f6c6974752f 2f6d6f634c3b7473
0x000000011f01cb90:   642f627568746967 6a2f697573756b61
0x000000011f01cba0:   662f3874696e7563 617073726f746361
0x000000011f01cbb0:   6f746361462f6563 000000005a293b72
0x000000011f01cbc0:   d87f00000a1000f0 05000000786dc332 

Instructions: (pc=0x0000000105f75908)
0x0000000105f758e8:   40 48 48 85 c0 75 e0 30 c0 0f b6 c0 5d c3 31 c0
0x0000000105f758f8:   5d c3 55 48 89 e5 53 48 83 ec 08 48 85 ff 74 24
0x0000000105f75908:   48 8b 1f 48 85 db 74 1c 48 83 fb 37 74 16 48 8b
0x0000000105f75918:   03 48 89 df ff 50 10 84 c0 b8 00 00 00 00 48 0f 

Register to memory mapping:

RAX=0x0000000000000001 is an unknown value
RBX=0x000000011f01ca8b is pointing into the stack for thread: 0x00007fd833020000
RCX=0x0000000106344310: UseMembar+0 in /Library/Java/JavaVirtualMachines/jdk1.8.0_65.jdk/Contents/Home/jre/lib/server/libjvm.dylib at 0x0000000105b2f000
RDX=0x000000011f01ca8b is pointing into the stack for thread: 0x00007fd833020000
RSP=0x000000011f01c9d0 is pointing into the stack for thread: 0x00007fd833020000
RBP=0x000000011f01c9e0 is pointing into the stack for thread: 0x00007fd833020000
RSI=0x00007fd833020000 is a thread
RDI=0x2a7265736f706d6f is an unknown value
R8 =0x0000000000000000 is an unknown value
R9 =0x00007fd832c00000 is an unknown value
R10=0x0000000000000010 is an unknown value
R11=0x00007fd832c00000 is an unknown value
R12=0x00007fd833020000 is a thread
R13=0x2a7265736f706d6f is an unknown value
R14=0x2a7265736f706d6f is an unknown value
R15=0x00007fd832c02870 is an unknown value


Stack: [0x000000011ef1d000,0x000000011f01d000],  sp=0x000000011f01c9d0,  free space=1022k
Native frames: (J=compiled Java code, j=interpreted, Vv=VM code, C=native code)
V  [libjvm.dylib+0x446908]  Method::checked_resolve_jmethod_id(_jmethodID*)+0xe
V  [libjvm.dylib+0x355a02]  jvmti_IsMethodSynthetic+0xb2
C  [libjdwp.dylib+0x20780]  isMethodSynthetic+0x63
C  [libjdwp.dylib+0x51f3]  methods1+0x10b
C  [libjdwp.dylib+0x52ec]  methodsWithGeneric+0xe
C  [libjdwp.dylib+0xe898]  debugLoop_run+0x1ce
C  [libjdwp.dylib+0x1f6ba]  attachThread+0x4d
V  [libjvm.dylib+0x396d60]  JvmtiAgentThread::call_start_function()+0x38
V  [libjvm.dylib+0x5612d3]  JavaThread::thread_main_inner()+0x9b
V  [libjvm.dylib+0x5629ce]  JavaThread::run()+0x1c2
V  [libjvm.dylib+0x48342e]  java_start(Thread*)+0xf6
C  [libsystem_pthread.dylib+0x405a]  _pthread_body+0x83
C  [libsystem_pthread.dylib+0x3fd7]  _pthread_body+0x0
C  [libsystem_pthread.dylib+0x13ed]  thread_start+0xd
C  0x0000000000000000


---------------  P R O C E S S  ---------------

Java Threads: ( => current thread )
  0x00007fd83302b000 JavaThread "Service Thread" daemon [_thread_blocked, id=19715, stack(0x000000011f52f000,0x000000011f62f000)]
  0x00007fd83482e000 JavaThread "C1 CompilerThread2" daemon [_thread_blocked, id=19203, stack(0x000000011f42c000,0x000000011f52c000)]
  0x00007fd83406f000 JavaThread "C2 CompilerThread1" daemon [_thread_blocked, id=18691, stack(0x000000011f329000,0x000000011f429000)]
  0x00007fd834019800 JavaThread "C2 CompilerThread0" daemon [_thread_blocked, id=18179, stack(0x000000011f226000,0x000000011f326000)]
  0x00007fd834869000 JavaThread "JDWP Command Reader" daemon [_thread_in_native, id=17667, stack(0x000000011f123000,0x000000011f223000)]
  0x00007fd83484a800 JavaThread "JDWP Event Helper Thread" daemon [_thread_blocked, id=17155, stack(0x000000011f020000,0x000000011f120000)]
=>0x00007fd833020000 JavaThread "JDWP Transport Listener: dt_socket" daemon [_thread_in_vm, id=16643, stack(0x000000011ef1d000,0x000000011f01d000)]
  0x00007fd834000800 JavaThread "Signal Dispatcher" daemon [_thread_blocked, id=13335, stack(0x000000011ee13000,0x000000011ef13000)]
  0x00007fd833019800 JavaThread "Finalizer" daemon [_thread_blocked, id=11523, stack(0x000000011d3f5000,0x000000011d4f5000)]
  0x00007fd83400d000 JavaThread "Reference Handler" daemon [_thread_blocked, id=11011, stack(0x000000011d2f2000,0x000000011d3f2000)]
  0x00007fd833808000 JavaThread "main" [_thread_blocked, id=4611, stack(0x0000000106acc000,0x0000000106bcc000)]

Other Threads:
  0x00007fd833019000 VMThread [stack: 0x000000011d1ef000,0x000000011d2ef000] [id=10499]
  0x00007fd83302c000 WatcherThread [stack: 0x000000011f632000,0x000000011f732000] [id=20227]

VM state:not at safepoint (normal execution)

VM Mutex/Monitor currently owned by a thread: None

Heap:
 PSYoungGen      total 38400K, used 10653K [0x0000000795580000, 0x0000000798000000, 0x00000007c0000000)
  eden space 33280K, 32% used [0x0000000795580000,0x0000000795fe77c0,0x0000000797600000)
  from space 5120K, 0% used [0x0000000797b00000,0x0000000797b00000,0x0000000798000000)
  to   space 5120K, 0% used [0x0000000797600000,0x0000000797600000,0x0000000797b00000)
 ParOldGen       total 87552K, used 0K [0x0000000740000000, 0x0000000745580000, 0x0000000795580000)
  object space 87552K, 0% used [0x0000000740000000,0x0000000740000000,0x0000000745580000)
 Metaspace       used 5354K, capacity 5632K, committed 5760K, reserved 1056768K
  class space    used 667K, capacity 770K, committed 896K, reserved 1048576K

Card table byte_map: [0x0000000116840000,0x0000000116c41000] byte_map_base: 0x0000000112e40000

Marking Bits: (ParMarkBitMap*) 0x000000010640de20
 Begin Bits: [0x00000001172f8000, 0x00000001192f8000)
 End Bits:   [0x00000001192f8000, 0x000000011b2f8000)

Polling page: 0x0000000106be0000

CodeCache: size=245760Kb used=2217Kb max_used=2217Kb free=243542Kb
 bounds [0x0000000107480000, 0x00000001076f0000, 0x0000000116480000]
 total_blobs=735 nmethods=480 adapters=177
 compilation: enabled

Compilation events (10 events):
Event: 1.228 Thread 0x00007fd83482e000  475       3       java.lang.invoke.MemberName::flagsMods (72 bytes)
Event: 1.228 Thread 0x00007fd83482e000 nmethod 475 0x00000001076a8490 code [0x00000001076a8600, 0x00000001076a8770]
Event: 1.228 Thread 0x00007fd83482e000  477       3       java.lang.invoke.LambdaForm::internArgument (84 bytes)
Event: 1.229 Thread 0x00007fd83482e000 nmethod 477 0x00000001076a87d0 code [0x00000001076a8980, 0x00000001076a8e08]
Event: 1.229 Thread 0x00007fd83482e000  474       3       java.util.ArrayList::grow (45 bytes)
Event: 1.229 Thread 0x00007fd83482e000 nmethod 474 0x00000001076a90d0 code [0x00000001076a9280, 0x00000001076a9798]
Event: 1.323 Thread 0x00007fd83482e000  478  s    3       java.util.Vector::addElement (38 bytes)
Event: 1.324 Thread 0x00007fd83482e000 nmethod 478 0x00000001076a9a10 code [0x00000001076a9ba0, 0x00000001076aa0e8]
Event: 1.401 Thread 0x00007fd83482e000  480       3       java.lang.invoke.MethodType$ConcurrentWeakInternSet$WeakEntry::<init> (15 bytes)
Event: 1.402 Thread 0x00007fd83482e000 nmethod 480 0x00000001076aa690 code [0x00000001076aa820, 0x00000001076aac28]

GC Heap History (0 events):
No events

Deoptimization events (0 events):
No events

Internal exceptions (9 events):
Event: 0.064 Thread 0x00007fd833808000 Exception <a 'java/lang/NoSuchMethodError': Method sun.misc.Unsafe.defineClass(Ljava/lang/String;[BII)Ljava/lang/Class; name or signature does not match> (0x0000000795592d70) thrown at [/Users/java_re/workspace/8-2-build-macosx-x86_64/jdk8u65/4987/hotspot
Event: 0.064 Thread 0x00007fd833808000 Exception <a 'java/lang/NoSuchMethodError': Method sun.misc.Unsafe.prefetchRead(Ljava/lang/Object;J)V name or signature does not match> (0x0000000795593058) thrown at [/Users/java_re/workspace/8-2-build-macosx-x86_64/jdk8u65/4987/hotspot/src/share/vm/prim
Event: 0.485 Thread 0x00007fd833808000 Exception <a 'java/io/FileNotFoundException'> (0x000000079589b180) thrown at [/Users/java_re/workspace/8-2-build-macosx-x86_64/jdk8u65/4987/hotspot/src/share/vm/prims/jni.cpp, line 709]
Event: 0.512 Thread 0x00007fd833808000 Exception <a 'java/security/PrivilegedActionException'> (0x00000007958e6e08) thrown at [/Users/java_re/workspace/8-2-build-macosx-x86_64/jdk8u65/4987/hotspot/src/share/vm/prims/jvm.cpp, line 1386]
Event: 0.512 Thread 0x00007fd833808000 Exception <a 'java/security/PrivilegedActionException'> (0x00000007958e7018) thrown at [/Users/java_re/workspace/8-2-build-macosx-x86_64/jdk8u65/4987/hotspot/src/share/vm/prims/jvm.cpp, line 1386]
Event: 0.512 Thread 0x00007fd833808000 Exception <a 'java/security/PrivilegedActionException'> (0x00000007958ea2b8) thrown at [/Users/java_re/workspace/8-2-build-macosx-x86_64/jdk8u65/4987/hotspot/src/share/vm/prims/jvm.cpp, line 1386]
Event: 0.513 Thread 0x00007fd833808000 Exception <a 'java/security/PrivilegedActionException'> (0x00000007958ea4c8) thrown at [/Users/java_re/workspace/8-2-build-macosx-x86_64/jdk8u65/4987/hotspot/src/share/vm/prims/jvm.cpp, line 1386]
Event: 1.048 Thread 0x00007fd833808000 Exception <a 'java/lang/NoSuchFieldError': method resolution failed> (0x0000000795d34bd0) thrown at [/Users/java_re/workspace/8-2-build-macosx-x86_64/jdk8u65/4987/hotspot/src/share/vm/prims/methodHandles.cpp, line 1146]
Event: 1.057 Thread 0x00007fd833808000 Exception <a 'java/lang/NoSuchFieldError': method resolution failed> (0x0000000795d425c8) thrown at [/Users/java_re/workspace/8-2-build-macosx-x86_64/jdk8u65/4987/hotspot/src/share/vm/prims/methodHandles.cpp, line 1146]

Events (10 events):
Event: 239.858 Executing VM operation: ChangeBreakpoints
Event: 239.858 Executing VM operation: ChangeBreakpoints done
Event: 239.870 Executing VM operation: RedefineClasses
Event: 239.877 Executing VM operation: RedefineClasses done
Event: 239.905 Executing VM operation: ChangeBreakpoints
Event: 239.906 Executing VM operation: ChangeBreakpoints done
Event: 239.916 Executing VM operation: ChangeBreakpoints
Event: 239.916 Executing VM operation: ChangeBreakpoints done
Event: 239.936 Executing VM operation: GetOrSetLocal
Event: 239.936 Executing VM operation: GetOrSetLocal done


Dynamic libraries:
0x000000000a4ca000 	/System/Library/Frameworks/Cocoa.framework/Versions/A/Cocoa
0x000000000a4ca000 	/System/Library/Frameworks/Security.framework/Versions/A/Security
0x000000000a4ca000 	/System/Library/Frameworks/ApplicationServices.framework/Versions/A/ApplicationServices
0x000000000a4ca000 	/usr/lib/libz.1.dylib
0x000000000a4ca000 	/usr/lib/libSystem.B.dylib
0x000000000a4ca000 	/usr/lib/libobjc.A.dylib
0x000000000a4ca000 	/System/Library/Frameworks/CoreFoundation.framework/Versions/A/CoreFoundation
0x000000000a4ca000 	/System/Library/Frameworks/Foundation.framework/Versions/C/Foundation
0x000000000a4ca000 	/System/Library/Frameworks/AppKit.framework/Versions/C/AppKit
0x000000000a4ca000 	/System/Library/Frameworks/CoreData.framework/Versions/A/CoreData
0x000000000a4ca000 	/System/Library/PrivateFrameworks/RemoteViewServices.framework/Versions/A/RemoteViewServices
0x000000000a4ca000 	/System/Library/PrivateFrameworks/UIFoundation.framework/Versions/A/UIFoundation
0x000000000a4ca000 	/System/Library/Frameworks/IOSurface.framework/Versions/A/IOSurface
0x000000000a4ca000 	/System/Library/Frameworks/AudioToolbox.framework/Versions/A/AudioToolbox
0x000000000a4ca000 	/System/Library/Frameworks/AudioUnit.framework/Versions/A/AudioUnit
0x000000000a4ca000 	/System/Library/PrivateFrameworks/DataDetectorsCore.framework/Versions/A/DataDetectorsCore
0x000000000a4ca000 	/System/Library/PrivateFrameworks/DesktopServicesPriv.framework/Versions/A/DesktopServicesPriv
0x000000000a4ca000 	/System/Library/Frameworks/Carbon.framework/Versions/A/Frameworks/HIToolbox.framework/Versions/A/HIToolbox
0x000000000a4ca000 	/System/Library/Frameworks/QuartzCore.framework/Versions/A/QuartzCore
0x000000000a4ca000 	/System/Library/Frameworks/Carbon.framework/Versions/A/Frameworks/SpeechRecognition.framework/Versions/A/SpeechRecognition
0x000000000a4ca000 	/usr/lib/libauto.dylib
0x000000000a4ca000 	/usr/lib/libicucore.A.dylib
0x000000000a4ca000 	/usr/lib/libxml2.2.dylib
0x000000000a4ca000 	/System/Library/PrivateFrameworks/CoreUI.framework/Versions/A/CoreUI
0x000000000a4ca000 	/System/Library/Frameworks/CoreAudio.framework/Versions/A/CoreAudio
0x000000000a4ca000 	/System/Library/Frameworks/DiskArbitration.framework/Versions/A/DiskArbitration
0x000000000a4ca000 	/usr/lib/liblangid.dylib
0x000000000a4ca000 	/System/Library/PrivateFrameworks/MultitouchSupport.framework/Versions/A/MultitouchSupport
0x000000000a4ca000 	/System/Library/Frameworks/IOKit.framework/Versions/A/IOKit
0x000000000a4ca000 	/usr/lib/libDiagnosticMessagesClient.dylib
0x000000000a4ca000 	/System/Library/Frameworks/CoreServices.framework/Versions/A/CoreServices
0x000000000a4ca000 	/System/Library/PrivateFrameworks/PerformanceAnalysis.framework/Versions/A/PerformanceAnalysis
0x000000000a4ca000 	/System/Library/PrivateFrameworks/GenerationalStorage.framework/Versions/A/GenerationalStorage
0x000000000a4ca000 	/System/Library/Frameworks/OpenGL.framework/Versions/A/OpenGL
0x000000000a4ca000 	/System/Library/PrivateFrameworks/Sharing.framework/Versions/A/Sharing
0x000000000a4ca000 	/System/Library/Frameworks/CoreGraphics.framework/Versions/A/CoreGraphics
0x000000000a4ca000 	/System/Library/Frameworks/CoreText.framework/Versions/A/CoreText
0x000000000a4ca000 	/System/Library/Frameworks/ImageIO.framework/Versions/A/ImageIO
0x000000000a4ca000 	/usr/lib/libextension.dylib
0x000000000a4ca000 	/System/Library/PrivateFrameworks/Backup.framework/Versions/A/Backup
0x000000000a4ca000 	/usr/lib/libarchive.2.dylib
0x000000000a4ca000 	/System/Library/Frameworks/CFNetwork.framework/Versions/A/CFNetwork
0x000000000a4ca000 	/System/Library/Frameworks/SystemConfiguration.framework/Versions/A/SystemConfiguration
0x000000000a4ca000 	/usr/lib/libCRFSuite.dylib
0x000000000a4ca000 	/usr/lib/libc++.1.dylib
0x000000000a4ca000 	/usr/lib/libc++abi.dylib
0x000000000a4ca000 	/usr/lib/system/libcache.dylib
0x000000000a4ca000 	/usr/lib/system/libcommonCrypto.dylib
0x000000000a4ca000 	/usr/lib/system/libcompiler_rt.dylib
0x000000000a4ca000 	/usr/lib/system/libcopyfile.dylib
0x000000000a4ca000 	/usr/lib/system/libcorecrypto.dylib
0x000000000a4ca000 	/usr/lib/system/libdispatch.dylib
0x000000000a4ca000 	/usr/lib/system/libdyld.dylib
0x000000000a4ca000 	/usr/lib/system/libkeymgr.dylib
0x000000000a4ca000 	/usr/lib/system/liblaunch.dylib
0x000000000a4ca000 	/usr/lib/system/libmacho.dylib
0x000000000a4ca000 	/usr/lib/system/libquarantine.dylib
0x000000000a4ca000 	/usr/lib/system/libremovefile.dylib
0x000000000a4ca000 	/usr/lib/system/libsystem_asl.dylib
0x000000000a4ca000 	/usr/lib/system/libsystem_blocks.dylib
0x000000000a4ca000 	/usr/lib/system/libsystem_c.dylib
0x000000000a4ca000 	/usr/lib/system/libsystem_configuration.dylib
0x000000000a4ca000 	/usr/lib/system/libsystem_coreservices.dylib
0x000000000a4ca000 	/usr/lib/system/libsystem_coretls.dylib
0x000000000a4ca000 	/usr/lib/system/libsystem_dnssd.dylib
0x000000000a4ca000 	/usr/lib/system/libsystem_info.dylib
0x000000000a4ca000 	/usr/lib/system/libsystem_kernel.dylib
0x000000000a4ca000 	/usr/lib/system/libsystem_m.dylib
0x000000000a4ca000 	/usr/lib/system/libsystem_malloc.dylib
0x000000000a4ca000 	/usr/lib/system/libsystem_network.dylib
0x000000000a4ca000 	/usr/lib/system/libsystem_networkextension.dylib
0x000000000a4ca000 	/usr/lib/system/libsystem_notify.dylib
0x000000000a4ca000 	/usr/lib/system/libsystem_platform.dylib
0x000000000a4ca000 	/usr/lib/system/libsystem_pthread.dylib
0x000000000a4ca000 	/usr/lib/system/libsystem_sandbox.dylib
0x000000000a4ca000 	/usr/lib/system/libsystem_secinit.dylib
0x000000000a4ca000 	/usr/lib/system/libsystem_stats.dylib
0x000000000a4ca000 	/usr/lib/system/libsystem_trace.dylib
0x000000000a4ca000 	/usr/lib/system/libunc.dylib
0x000000000a4ca000 	/usr/lib/system/libunwind.dylib
0x000000000a4ca000 	/usr/lib/system/libxpc.dylib
0x000000000a4ca000 	/usr/lib/libbz2.1.0.dylib
0x000000000a4ca000 	/usr/lib/liblzma.5.dylib
0x000000000a4ca000 	/usr/lib/libbsm.0.dylib
0x000000000a4ca000 	/usr/lib/libsqlite3.dylib
0x000000000a4ca000 	/usr/lib/system/libkxld.dylib
0x000000000a4ca000 	/usr/lib/libxar.1.dylib
0x000000000a4ca000 	/usr/lib/libpam.2.dylib
0x000000000a4ca000 	/usr/lib/libOpenScriptingUtil.dylib
0x000000000a4ca000 	/System/Library/Frameworks/CoreServices.framework/Versions/A/Frameworks/FSEvents.framework/Versions/A/FSEvents
0x000000000a4ca000 	/System/Library/Frameworks/CoreServices.framework/Versions/A/Frameworks/CarbonCore.framework/Versions/A/CarbonCore
0x000000000a4ca000 	/System/Library/Frameworks/CoreServices.framework/Versions/A/Frameworks/Metadata.framework/Versions/A/Metadata
0x000000000a4ca000 	/System/Library/Frameworks/CoreServices.framework/Versions/A/Frameworks/OSServices.framework/Versions/A/OSServices
0x000000000a4ca000 	/System/Library/Frameworks/CoreServices.framework/Versions/A/Frameworks/SearchKit.framework/Versions/A/SearchKit
0x000000000a4ca000 	/System/Library/Frameworks/CoreServices.framework/Versions/A/Frameworks/AE.framework/Versions/A/AE
0x000000000a4ca000 	/System/Library/Frameworks/CoreServices.framework/Versions/A/Frameworks/LaunchServices.framework/Versions/A/LaunchServices
0x000000000a4ca000 	/System/Library/Frameworks/CoreServices.framework/Versions/A/Frameworks/DictionaryServices.framework/Versions/A/DictionaryServices
0x000000000a4ca000 	/System/Library/Frameworks/NetFS.framework/Versions/A/NetFS
0x000000000a4ca000 	/System/Library/PrivateFrameworks/NetAuth.framework/Versions/A/NetAuth
0x000000000a4ca000 	/System/Library/PrivateFrameworks/login.framework/Versions/A/Frameworks/loginsupport.framework/Versions/A/loginsupport
0x000000000a4ca000 	/System/Library/PrivateFrameworks/TCC.framework/Versions/A/TCC
0x000000000a4ca000 	/usr/lib/libmecabra.dylib
0x000000000a4ca000 	/System/Library/Frameworks/ApplicationServices.framework/Versions/A/Frameworks/ATS.framework/Versions/A/ATS
0x000000000a4ca000 	/System/Library/Frameworks/ApplicationServices.framework/Versions/A/Frameworks/ColorSync.framework/Versions/A/ColorSync
0x000000000a4ca000 	/System/Library/Frameworks/ApplicationServices.framework/Versions/A/Frameworks/HIServices.framework/Versions/A/HIServices
0x000000000a4ca000 	/System/Library/Frameworks/ApplicationServices.framework/Versions/A/Frameworks/LangAnalysis.framework/Versions/A/LangAnalysis
0x000000000a4ca000 	/System/Library/Frameworks/ApplicationServices.framework/Versions/A/Frameworks/PrintCore.framework/Versions/A/PrintCore
0x000000000a4ca000 	/System/Library/Frameworks/ApplicationServices.framework/Versions/A/Frameworks/QD.framework/Versions/A/QD
0x000000000a4ca000 	/System/Library/Frameworks/ApplicationServices.framework/Versions/A/Frameworks/SpeechSynthesis.framework/Versions/A/SpeechSynthesis
0x000000000a4ca000 	/System/Library/Frameworks/Accelerate.framework/Versions/A/Accelerate
0x000000000a4ca000 	/System/Library/Frameworks/Accelerate.framework/Versions/A/Frameworks/vImage.framework/Versions/A/vImage
0x000000000a4ca000 	/System/Library/Frameworks/Accelerate.framework/Versions/A/Frameworks/vecLib.framework/Versions/A/vecLib
0x000000000a4ca000 	/System/Library/Frameworks/Accelerate.framework/Versions/A/Frameworks/vecLib.framework/Versions/A/libvDSP.dylib
0x000000000a4ca000 	/System/Library/Frameworks/Accelerate.framework/Versions/A/Frameworks/vecLib.framework/Versions/A/libvMisc.dylib
0x000000000a4ca000 	/System/Library/Frameworks/Accelerate.framework/Versions/A/Frameworks/vecLib.framework/Versions/A/libLAPACK.dylib
0x000000000a4ca000 	/System/Library/Frameworks/Accelerate.framework/Versions/A/Frameworks/vecLib.framework/Versions/A/libBLAS.dylib
0x000000000a4ca000 	/System/Library/Frameworks/Accelerate.framework/Versions/A/Frameworks/vecLib.framework/Versions/A/libLinearAlgebra.dylib
0x000000000a4ca000 	/System/Library/Frameworks/ApplicationServices.framework/Versions/A/Frameworks/ATS.framework/Versions/A/Resources/libFontParser.dylib
0x000000000a4ca000 	/System/Library/Frameworks/ApplicationServices.framework/Versions/A/Frameworks/ATS.framework/Versions/A/Resources/libFontRegistry.dylib
0x000000000a4ca000 	/System/Library/PrivateFrameworks/AppleVPA.framework/Versions/A/AppleVPA
0x000000000a4ca000 	/System/Library/PrivateFrameworks/AppleJPEG.framework/Versions/A/AppleJPEG
0x000000000a4ca000 	/System/Library/Frameworks/ImageIO.framework/Versions/A/Resources/libJPEG.dylib
0x000000000a4ca000 	/System/Library/Frameworks/ImageIO.framework/Versions/A/Resources/libTIFF.dylib
0x000000000a4ca000 	/System/Library/Frameworks/ImageIO.framework/Versions/A/Resources/libPng.dylib
0x000000000a4ca000 	/System/Library/Frameworks/ImageIO.framework/Versions/A/Resources/libGIF.dylib
0x000000000a4ca000 	/System/Library/Frameworks/ImageIO.framework/Versions/A/Resources/libJP2.dylib
0x000000000a4ca000 	/System/Library/Frameworks/ImageIO.framework/Versions/A/Resources/libRadiance.dylib
0x000000000a4ca000 	/System/Library/Frameworks/CoreVideo.framework/Versions/A/CoreVideo
0x000000000a4ca000 	/System/Library/Frameworks/OpenGL.framework/Versions/A/Libraries/libGLU.dylib
0x000000000a4ca000 	/System/Library/Frameworks/OpenGL.framework/Versions/A/Libraries/libGFXShared.dylib
0x000000000a4ca000 	/System/Library/Frameworks/OpenGL.framework/Versions/A/Libraries/libGL.dylib
0x000000000a4ca000 	/System/Library/Frameworks/OpenGL.framework/Versions/A/Libraries/libGLImage.dylib
0x000000000a4ca000 	/System/Library/Frameworks/OpenGL.framework/Versions/A/Libraries/libCVMSPluginSupport.dylib
0x000000000a4ca000 	/System/Library/Frameworks/OpenGL.framework/Versions/A/Libraries/libCoreVMClient.dylib
0x000000000a4ca000 	/usr/lib/libcups.2.dylib
0x000000000a4ca000 	/System/Library/Frameworks/Kerberos.framework/Versions/A/Kerberos
0x000000000a4ca000 	/System/Library/Frameworks/GSS.framework/Versions/A/GSS
0x000000000a4ca000 	/usr/lib/libresolv.9.dylib
0x000000000a4ca000 	/usr/lib/libiconv.2.dylib
0x000000000a4ca000 	/System/Library/PrivateFrameworks/Heimdal.framework/Versions/A/Heimdal
0x000000000a4ca000 	/usr/lib/libheimdal-asn1.dylib
0x000000000a4ca000 	/System/Library/Frameworks/OpenDirectory.framework/Versions/A/OpenDirectory
0x000000000a4ca000 	/System/Library/PrivateFrameworks/CommonAuth.framework/Versions/A/CommonAuth
0x000000000a4ca000 	/System/Library/Frameworks/OpenDirectory.framework/Versions/A/Frameworks/CFOpenDirectory.framework/Versions/A/CFOpenDirectory
0x000000000a4ca000 	/System/Library/Frameworks/SecurityFoundation.framework/Versions/A/SecurityFoundation
0x000000000a4ca000 	/System/Library/PrivateFrameworks/LanguageModeling.framework/Versions/A/LanguageModeling
0x000000000a4ca000 	/usr/lib/libcmph.dylib
0x000000000a4ca000 	/System/Library/Frameworks/ServiceManagement.framework/Versions/A/ServiceManagement
0x000000000a4ca000 	/usr/lib/libxslt.1.dylib
0x000000000a4ca000 	/System/Library/Frameworks/Carbon.framework/Versions/A/Frameworks/Ink.framework/Versions/A/Ink
0x000000000a4ca000 	/System/Library/Frameworks/QuartzCore.framework/Versions/A/Frameworks/CoreImage.framework/Versions/A/CoreImage
0x000000000a4ca000 	/System/Library/PrivateFrameworks/CrashReporterSupport.framework/Versions/A/CrashReporterSupport
0x000000000a4ca000 	/System/Library/Frameworks/OpenCL.framework/Versions/A/OpenCL
0x000000000a4ca000 	/System/Library/PrivateFrameworks/FaceCore.framework/Versions/A/FaceCore
0x000000000a4ca000 	/System/Library/PrivateFrameworks/Ubiquity.framework/Versions/A/Ubiquity
0x000000000a4ca000 	/System/Library/PrivateFrameworks/IconServices.framework/Versions/A/IconServices
0x000000000a4ca000 	/System/Library/PrivateFrameworks/ChunkingLibrary.framework/Versions/A/ChunkingLibrary
0x000000000a4ca000 	/System/Library/PrivateFrameworks/Apple80211.framework/Versions/A/Apple80211
0x000000000a4ca000 	/System/Library/Frameworks/CoreWLAN.framework/Versions/A/CoreWLAN
0x000000000a4ca000 	/System/Library/Frameworks/IOBluetooth.framework/Versions/A/IOBluetooth
0x000000000a4ca000 	/System/Library/PrivateFrameworks/CoreWiFi.framework/Versions/A/CoreWiFi
0x000000000a4ca000 	/System/Library/Frameworks/CoreBluetooth.framework/Versions/A/CoreBluetooth
0x000000000a4ca000 	/System/Library/PrivateFrameworks/DebugSymbols.framework/Versions/A/DebugSymbols
0x000000000a4ca000 	/System/Library/PrivateFrameworks/CoreSymbolication.framework/Versions/A/CoreSymbolication
0x000000000a4ca000 	/System/Library/PrivateFrameworks/Symbolication.framework/Versions/A/Symbolication
0x000000000a4ca000 	/System/Library/PrivateFrameworks/SpeechRecognitionCore.framework/Versions/A/SpeechRecognitionCore
0x0000000105b2f000 	/Library/Java/JavaVirtualMachines/jdk1.8.0_65.jdk/Contents/Home/jre/lib/server/libjvm.dylib
0x000000000a4ca000 	/usr/lib/libstdc++.6.dylib
0x0000000106bd2000 	/Library/Java/JavaVirtualMachines/jdk1.8.0_65.jdk/Contents/Home/jre/lib/libverify.dylib
0x0000000107400000 	/Library/Java/JavaVirtualMachines/jdk1.8.0_65.jdk/Contents/Home/jre/lib/libjava.dylib
0x0000000107435000 	/Library/Java/JavaVirtualMachines/jdk1.8.0_65.jdk/Contents/Home/jre/lib/libjdwp.dylib
0x0000000106be1000 	/Library/Java/JavaVirtualMachines/jdk1.8.0_65.jdk/Contents/Home/jre/lib/libnpt.dylib
0x0000000106bee000 	/Library/Java/JavaVirtualMachines/jdk1.8.0_65.jdk/Contents/Home/jre/lib/libzip.dylib
0x000000011d4f7000 	/System/Library/Frameworks/JavaVM.framework/Frameworks/JavaRuntimeSupport.framework/JavaRuntimeSupport
0x000000011d50d000 	/System/Library/Frameworks/JavaVM.framework/Versions/A/Frameworks/JavaNativeFoundation.framework/Versions/A/JavaNativeFoundation
0x000000011d521000 	/System/Library/Frameworks/JavaVM.framework/Versions/A/JavaVM
0x000000000a4ca000 	/System/Library/Frameworks/Carbon.framework/Versions/A/Carbon
0x000000011d52d000 	/System/Library/PrivateFrameworks/JavaLaunching.framework/Versions/A/JavaLaunching
0x000000000a4ca000 	/System/Library/Frameworks/Carbon.framework/Versions/A/Frameworks/CommonPanels.framework/Versions/A/CommonPanels
0x000000000a4ca000 	/System/Library/Frameworks/Carbon.framework/Versions/A/Frameworks/Help.framework/Versions/A/Help
0x000000000a4ca000 	/System/Library/Frameworks/Carbon.framework/Versions/A/Frameworks/ImageCapture.framework/Versions/A/ImageCapture
0x000000000a4ca000 	/System/Library/Frameworks/Carbon.framework/Versions/A/Frameworks/OpenScripting.framework/Versions/A/OpenScripting
0x000000000a4ca000 	/System/Library/Frameworks/Carbon.framework/Versions/A/Frameworks/Print.framework/Versions/A/Print
0x000000000a4ca000 	/System/Library/Frameworks/Carbon.framework/Versions/A/Frameworks/SecurityHI.framework/Versions/A/SecurityHI
0x000000011ef15000 	/Library/Java/JavaVirtualMachines/jdk1.8.0_65.jdk/Contents/Home/jre/lib/libdt_socket.dylib

VM Arguments:
jvm_args: -agentlib:jdwp=transport=dt_socket,address=127.0.0.1:62272,suspend=y,server=n -ea -Dfile.encoding=UTF-8 
java_command: com.intellij.rt.execution.junit.JUnitStarter -ideVersion5 com.github.dakusui.jcunit8.examples.QuadraticEquationExample
java_class_path (initial): /Applications/IntelliJ IDEA CE.app/Contents/lib/idea_rt.jar:/Applications/IntelliJ IDEA CE.app/Contents/plugins/junit/lib/junit-rt.jar:/Library/Java/JavaVirtualMachines/jdk1.8.0_65.jdk/Contents/Home/jre/lib/charsets.jar:/Library/Java/JavaVirtualMachines/jdk1.8.0_65.jdk/Contents/Home/jre/lib/deploy.jar:/Library/Java/JavaVirtualMachines/jdk1.8.0_65.jdk/Contents/Home/jre/lib/ext/cldrdata.jar:/Library/Java/JavaVirtualMachines/jdk1.8.0_65.jdk/Contents/Home/jre/lib/ext/dnsns.jar:/Library/Java/JavaVirtualMachines/jdk1.8.0_65.jdk/Contents/Home/jre/lib/ext/jaccess.jar:/Library/Java/JavaVirtualMachines/jdk1.8.0_65.jdk/Contents/Home/jre/lib/ext/jfxrt.jar:/Library/Java/JavaVirtualMachines/jdk1.8.0_65.jdk/Contents/Home/jre/lib/ext/localedata.jar:/Library/Java/JavaVirtualMachines/jdk1.8.0_65.jdk/Contents/Home/jre/lib/ext/nashorn.jar:/Library/Java/JavaVirtualMachines/jdk1.8.0_65.jdk/Contents/Home/jre/lib/ext/sunec.jar:/Library/Java/JavaVirtualMachines/jdk1.8.0_65.jdk/Contents/Home/jre/lib/ext/sunjce_provider.jar:/Library/Java/JavaVirtualMachines/jdk1.8.0_65.jdk/Contents/Home/jre/lib/ext/sunpkcs11.jar:/Library/Java/JavaVirtualMachines/jdk1.8.0_65.jdk/Contents/Home/jre/lib/ext/zipfs.jar:/Library/Java/JavaVirtualMachines/jdk1.8.0_65.jdk/Contents/Home/jre/lib/javaws.jar:/Library/Java/JavaVirtualMachines/jdk1.8.0_65.jdk/Contents/Home/jre/lib/jce.jar:/Library/Java/JavaVirtualMachines/jdk1.8.0_65.jdk/Contents/Home/jre/lib/jfr.jar:/Library/Java/JavaVirtualMachines/jdk1.8.0_65.jdk/Contents/Home/jre/lib/jfxswt.jar:/Library/Java/JavaVirtualMachines/jdk1.8.0_65.jdk/Contents/Home/jre/lib/jsse.jar:/Library/Java/JavaVirtualMachines/jdk1.8.0_65.jdk/Contents/Home/jre/lib/management-agent.jar:/Library/Java/JavaVirtualMachines/jdk1.8.0_65.jdk/Contents/Home/jre/lib/plugin.jar:/Library/Java/JavaVirtualMachines/jdk1.8.0_65.jdk/Contents/Home/jre/lib/resources.jar:/Library/Java/JavaVirtualMachines/jdk1.8.0_65.jdk/Contents/Home/jre/lib/rt.jar:/Library/Java/JavaVirtualMachines/
Launcher Type: SUN_STANDARD

Environment Variables:
JAVA_HOME=/Library/Java/JavaVirtualMachines/jdk1.8.0_65.jdk/Contents/Home
PATH=/Users/hiroshi.ukai/.jenv/bin:/Users/hiroshi.ukai/.jenv/bin:/Library/Java/JavaVirtualMachines/jdk1.8.0_65.jdk/Contents/Home/bin:/Users/hiroshi.ukai/bin:/usr/local/bin:/usr/bin:/bin:/usr/sbin:/sbin
SHELL=/bin/bash

Signal Handlers:
SIGSEGV: [libjvm.dylib+0x5a6d31], sa_mask[0]=11111111011111110111111111111111, sa_flags=SA_ONSTACK|SA_RESTART|SA_SIGINFO
SIGBUS: [libjvm.dylib+0x5a6d31], sa_mask[0]=11111111011111110111111111111111, sa_flags=SA_RESTART|SA_SIGINFO
SIGFPE: [libjvm.dylib+0x480a40], sa_mask[0]=11111111011111110111111111111111, sa_flags=SA_RESTART|SA_SIGINFO
SIGPIPE: [libjvm.dylib+0x480a40], sa_mask[0]=11111111011111110111111111111111, sa_flags=SA_RESTART|SA_SIGINFO
SIGXFSZ: [libjvm.dylib+0x480a40], sa_mask[0]=11111111011111110111111111111111, sa_flags=SA_RESTART|SA_SIGINFO
SIGILL: [libjvm.dylib+0x480a40], sa_mask[0]=11111111011111110111111111111111, sa_flags=SA_RESTART|SA_SIGINFO
SIGUSR1: SIG_DFL, sa_mask[0]=00000000000000000000000000000000, sa_flags=none
SIGUSR2: [libjvm.dylib+0x48055e], sa_mask[0]=00100000000000000000000000000000, sa_flags=SA_RESTART|SA_SIGINFO
SIGHUP: [libjvm.dylib+0x47eb35], sa_mask[0]=11111111011111110111111111111111, sa_flags=SA_RESTART|SA_SIGINFO
SIGINT: [libjvm.dylib+0x47eb35], sa_mask[0]=11111111011111110111111111111111, sa_flags=SA_RESTART|SA_SIGINFO
SIGTERM: [libjvm.dylib+0x47eb35], sa_mask[0]=11111111011111110111111111111111, sa_flags=SA_RESTART|SA_SIGINFO
SIGQUIT: [libjvm.dylib+0x47eb35], sa_mask[0]=11111111011111110111111111111111, sa_flags=SA_RESTART|SA_SIGINFO


---------------  S Y S T E M  ---------------

OS:Bsduname:Darwin 14.5.0 Darwin Kernel Version 14.5.0: Sun Sep 25 22:07:15 PDT 2016; root:xnu-2782.50.9~1/RELEASE_X86_64 x86_64
rlimit: STACK 8192k, CORE 0k, NPROC 709, NOFILE 10240, AS infinity
load average:3.79 3.82 3.33

CPU:total 4 (2 cores per cpu, 2 threads per core) family 6 model 69 stepping 1, cmov, cx8, fxsr, mmx, sse, sse2, sse3, ssse3, sse4.1, sse4.2, popcnt, avx, avx2, aes, clmul, erms, rtm, lzcnt, ht, tsc, tscinvbit, bmi1, bmi2

Memory: 4k page, physical 8388608k(475788k free)

/proc/meminfo:


vm_info: Java HotSpot(TM) 64-Bit Server VM (25.65-b01) for bsd-amd64 JRE (1.8.0_65-b17), built on Oct  6 2015 15:36:46 by "java_re" with gcc 4.2.1 (Based on Apple Inc. build 5658) (LLVM build 2336.11.00)

time: Sun Apr  2 17:58:43 2017
elapsed time: 239 seconds (0d 0h 3m 59s)

